{"meta": {"format": 3, "version": "7.11.0", "timestamp": "2025-11-06T01:06:29.023156", "branch_coverage": false, "show_contexts": false}, "files": {"src/calcflow/basis/loader.py": {"executed_lines": [], "summary": {"covered_lines": 0, "num_statements": 0, "percent_covered": 100.0, "percent_covered_display": "100", "missing_lines": 0, "excluded_lines": 0}, "missing_lines": [], "excluded_lines": [], "functions": {"": {"executed_lines": [], "summary": {"covered_lines": 0, "num_statements": 0, "percent_covered": 100.0, "percent_covered_display": "100", "missing_lines": 0, "excluded_lines": 0}, "missing_lines": [], "excluded_lines": []}}, "classes": {"": {"executed_lines": [], "summary": {"covered_lines": 0, "num_statements": 0, "percent_covered": 100.0, "percent_covered_display": "100", "missing_lines": 0, "excluded_lines": 0}, "missing_lines": [], "excluded_lines": []}}}, "src/calcflow/basis/models.py": {"executed_lines": [], "summary": {"covered_lines": 0, "num_statements": 0, "percent_covered": 100.0, "percent_covered_display": "100", "missing_lines": 0, "excluded_lines": 0}, "missing_lines": [], "excluded_lines": [], "functions": {"": {"executed_lines": [], "summary": {"covered_lines": 0, "num_statements": 0, "percent_covered": 100.0, "percent_covered_display": "100", "missing_lines": 0, "excluded_lines": 0}, "missing_lines": [], "excluded_lines": []}}, "classes": {"": {"executed_lines": [], "summary": {"covered_lines": 0, "num_statements": 0, "percent_covered": 100.0, "percent_covered_display": "100", "missing_lines": 0, "excluded_lines": 0}, "missing_lines": [], "excluded_lines": []}}}, "src/calcflow/common/exceptions.py": {"executed_lines": [1, 4, 5, 7, 10, 11, 13, 16, 17, 19, 22, 23, 25, 28, 29, 31, 34, 35, 37, 40, 41, 43], "summary": {"covered_lines": 7, "num_statements": 7, "percent_covered": 100.0, "percent_covered_display": "100", "missing_lines": 0, "excluded_lines": 7}, "missing_lines": [], "excluded_lines": [7, 13, 19, 25, 31, 37, 43], "functions": {"": {"executed_lines": [1, 4, 5, 7, 10, 11, 13, 16, 17, 19, 22, 23, 25, 28, 29, 31, 34, 35, 37, 40, 41, 43], "summary": {"covered_lines": 7, "num_statements": 7, "percent_covered": 100.0, "percent_covered_display": "100", "missing_lines": 0, "excluded_lines": 7}, "missing_lines": [], "excluded_lines": [7, 13, 19, 25, 31, 37, 43]}}, "classes": {"CalcflowError": {"executed_lines": [], "summary": {"covered_lines": 0, "num_statements": 0, "percent_covered": 100.0, "percent_covered_display": "100", "missing_lines": 0, "excluded_lines": 0}, "missing_lines": [], "excluded_lines": []}, "NotSupportedError": {"executed_lines": [], "summary": {"covered_lines": 0, "num_statements": 0, "percent_covered": 100.0, "percent_covered_display": "100", "missing_lines": 0, "excluded_lines": 0}, "missing_lines": [], "excluded_lines": []}, "InputGenerationError": {"executed_lines": [], "summary": {"covered_lines": 0, "num_statements": 0, "percent_covered": 100.0, "percent_covered_display": "100", "missing_lines": 0, "excluded_lines": 0}, "missing_lines": [], "excluded_lines": []}, "ConfigurationError": {"executed_lines": [], "summary": {"covered_lines": 0, "num_statements": 0, "percent_covered": 100.0, "percent_covered_display": "100", "missing_lines": 0, "excluded_lines": 0}, "missing_lines": [], "excluded_lines": []}, "ParsingError": {"executed_lines": [], "summary": {"covered_lines": 0, "num_statements": 0, "percent_covered": 100.0, "percent_covered_display": "100", "missing_lines": 0, "excluded_lines": 0}, "missing_lines": [], "excluded_lines": []}, "InternalCodeError": {"executed_lines": [], "summary": {"covered_lines": 0, "num_statements": 0, "percent_covered": 100.0, "percent_covered_display": "100", "missing_lines": 0, "excluded_lines": 0}, "missing_lines": [], "excluded_lines": []}, "ValidationError": {"executed_lines": [], "summary": {"covered_lines": 0, "num_statements": 0, "percent_covered": 100.0, "percent_covered_display": "100", "missing_lines": 0, "excluded_lines": 0}, "missing_lines": [], "excluded_lines": []}, "": {"executed_lines": [1, 4, 5, 7, 10, 11, 13, 16, 17, 19, 22, 23, 25, 28, 29, 31, 34, 35, 37, 40, 41, 43], "summary": {"covered_lines": 7, "num_statements": 7, "percent_covered": 100.0, "percent_covered_display": "100", "missing_lines": 0, "excluded_lines": 7}, "missing_lines": [], "excluded_lines": [7, 13, 19, 25, 31, 37, 43]}}}, "src/calcflow/common/input.py": {"executed_lines": [1, 3, 4, 6, 7, 8, 9, 11, 12, 15, 22, 23, 24, 26, 27, 28, 29, 30, 33, 34, 35, 37, 38, 41, 42, 43, 45, 46, 49, 50, 51, 69, 70, 73, 74, 77, 78, 84, 85, 86, 93, 94, 95, 96, 97, 98, 99, 100, 103, 104, 105, 106, 107, 111, 113, 115, 117, 119, 120, 121, 123, 124, 125, 126, 131, 132, 134, 138, 142, 146, 150, 152, 156, 158, 160, 162, 166, 168, 169, 171, 180, 182, 189, 191, 197, 199, 203, 205, 211, 231, 237, 241, 252, 253, 259, 268, 279, 280, 284, 285], "summary": {"covered_lines": 95, "num_statements": 108, "percent_covered": 87.96296296296296, "percent_covered_display": "88", "missing_lines": 13, "excluded_lines": 3}, "missing_lines": [116, 118, 122, 127, 140, 144, 148, 181, 198, 207, 208, 209, 264], "excluded_lines": [76, 242, 281], "functions": {"CalculationInput.__post_init__": {"executed_lines": [115, 117, 119, 120, 121, 123, 124, 125, 126], "summary": {"covered_lines": 9, "num_statements": 13, "percent_covered": 69.23076923076923, "percent_covered_display": "69", "missing_lines": 4, "excluded_lines": 0}, "missing_lines": [116, 118, 122, 127], "excluded_lines": []}, "CalculationInput.requires_multiple_jobs": {"executed_lines": [134], "summary": {"covered_lines": 1, "num_statements": 1, "percent_covered": 100.0, "percent_covered_display": "100", "missing_lines": 0, "excluded_lines": 0}, "missing_lines": [], "excluded_lines": []}, "CalculationInput.set_level_of_theory": {"executed_lines": [], "summary": {"covered_lines": 0, "num_statements": 1, "percent_covered": 0.0, "percent_covered_display": "0", "missing_lines": 1, "excluded_lines": 0}, "missing_lines": [140], "excluded_lines": []}, "CalculationInput.set_basis_set": {"executed_lines": [], "summary": {"covered_lines": 0, "num_statements": 1, "percent_covered": 0.0, "percent_covered_display": "0", "missing_lines": 1, "excluded_lines": 0}, "missing_lines": [144], "excluded_lines": []}, "CalculationInput.set_task": {"executed_lines": [], "summary": {"covered_lines": 0, "num_statements": 1, "percent_covered": 0.0, "percent_covered_display": "0", "missing_lines": 1, "excluded_lines": 0}, "missing_lines": [148], "excluded_lines": []}, "CalculationInput.set_unrestricted": {"executed_lines": [152], "summary": {"covered_lines": 1, "num_statements": 1, "percent_covered": 100.0, "percent_covered_display": "100", "missing_lines": 0, "excluded_lines": 0}, "missing_lines": [], "excluded_lines": []}, "CalculationInput.set_cores": {"executed_lines": [158], "summary": {"covered_lines": 1, "num_statements": 1, "percent_covered": 100.0, "percent_covered_display": "100", "missing_lines": 0, "excluded_lines": 0}, "missing_lines": [], "excluded_lines": []}, "CalculationInput.set_memory_per_core": {"executed_lines": [162], "summary": {"covered_lines": 1, "num_statements": 1, "percent_covered": 100.0, "percent_covered_display": "100", "missing_lines": 0, "excluded_lines": 0}, "missing_lines": [], "excluded_lines": []}, "CalculationInput.set_solvation": {"executed_lines": [168, 169], "summary": {"covered_lines": 2, "num_statements": 2, "percent_covered": 100.0, "percent_covered_display": "100", "missing_lines": 0, "excluded_lines": 0}, "missing_lines": [], "excluded_lines": []}, "CalculationInput.set_tddft": {"executed_lines": [180, 182, 189], "summary": {"covered_lines": 3, "num_statements": 4, "percent_covered": 75.0, "percent_covered_display": "75", "missing_lines": 1, "excluded_lines": 0}, "missing_lines": [181], "excluded_lines": []}, "CalculationInput.set_optimization": {"executed_lines": [197, 199, 203], "summary": {"covered_lines": 3, "num_statements": 4, "percent_covered": 75.0, "percent_covered_display": "75", "missing_lines": 1, "excluded_lines": 0}, "missing_lines": [198], "excluded_lines": []}, "CalculationInput.run_frequency_after_opt": {"executed_lines": [], "summary": {"covered_lines": 0, "num_statements": 3, "percent_covered": 0.0, "percent_covered_display": "0", "missing_lines": 3, "excluded_lines": 0}, "missing_lines": [207, 208, 209], "excluded_lines": []}, "CalculationInput.set_mom": {"executed_lines": [231, 237], "summary": {"covered_lines": 2, "num_statements": 2, "percent_covered": 100.0, "percent_covered_display": "100", "missing_lines": 0, "excluded_lines": 0}, "missing_lines": [], "excluded_lines": []}, "CalculationInput.set_options": {"executed_lines": [252, 253], "summary": {"covered_lines": 2, "num_statements": 2, "percent_covered": 100.0, "percent_covered_display": "100", "missing_lines": 0, "excluded_lines": 1}, "missing_lines": [], "excluded_lines": [242]}, "CalculationInput.enable_ri_for_orca": {"executed_lines": [], "summary": {"covered_lines": 0, "num_statements": 1, "percent_covered": 0.0, "percent_covered_display": "0", "missing_lines": 1, "excluded_lines": 0}, "missing_lines": [264], "excluded_lines": []}, "CalculationInput.export": {"executed_lines": [279, 280, 284, 285], "summary": {"covered_lines": 4, "num_statements": 4, "percent_covered": 100.0, "percent_covered_display": "100", "missing_lines": 0, "excluded_lines": 1}, "missing_lines": [], "excluded_lines": [281]}, "": {"executed_lines": [1, 3, 4, 6, 7, 8, 9, 11, 12, 15, 22, 23, 24, 26, 27, 28, 29, 30, 33, 34, 35, 37, 38, 41, 42, 43, 45, 46, 49, 50, 51, 69, 70, 73, 74, 77, 78, 84, 85, 86, 93, 94, 95, 96, 97, 98, 99, 100, 103, 104, 105, 106, 107, 111, 113, 131, 132, 138, 142, 146, 150, 156, 160, 166, 171, 191, 205, 211, 241, 259, 268], "summary": {"covered_lines": 66, "num_statements": 66, "percent_covered": 100.0, "percent_covered_display": "100", "missing_lines": 0, "excluded_lines": 1}, "missing_lines": [], "excluded_lines": [76]}}, "classes": {"TddftSpec": {"executed_lines": [], "summary": {"covered_lines": 0, "num_statements": 0, "percent_covered": 100.0, "percent_covered_display": "100", "missing_lines": 0, "excluded_lines": 0}, "missing_lines": [], "excluded_lines": []}, "SolvationSpec": {"executed_lines": [], "summary": {"covered_lines": 0, "num_statements": 0, "percent_covered": 100.0, "percent_covered_display": "100", "missing_lines": 0, "excluded_lines": 0}, "missing_lines": [], "excluded_lines": []}, "OptimizationSpec": {"executed_lines": [], "summary": {"covered_lines": 0, "num_statements": 0, "percent_covered": 100.0, "percent_covered_display": "100", "missing_lines": 0, "excluded_lines": 0}, "missing_lines": [], "excluded_lines": []}, "MomSpec": {"executed_lines": [], "summary": {"covered_lines": 0, "num_statements": 0, "percent_covered": 100.0, "percent_covered_display": "100", "missing_lines": 0, "excluded_lines": 0}, "missing_lines": [], "excluded_lines": []}, "CalculationInput": {"executed_lines": [115, 117, 119, 120, 121, 123, 124, 125, 126, 134, 152, 158, 162, 168, 169, 180, 182, 189, 197, 199, 203, 231, 237, 252, 253, 279, 280, 284, 285], "summary": {"covered_lines": 29, "num_statements": 42, "percent_covered": 69.04761904761905, "percent_covered_display": "69", "missing_lines": 13, "excluded_lines": 2}, "missing_lines": [116, 118, 122, 127, 140, 144, 148, 181, 198, 207, 208, 209, 264], "excluded_lines": [242, 281]}, "": {"executed_lines": [1, 3, 4, 6, 7, 8, 9, 11, 12, 15, 22, 23, 24, 26, 27, 28, 29, 30, 33, 34, 35, 37, 38, 41, 42, 43, 45, 46, 49, 50, 51, 69, 70, 73, 74, 77, 78, 84, 85, 86, 93, 94, 95, 96, 97, 98, 99, 100, 103, 104, 105, 106, 107, 111, 113, 131, 132, 138, 142, 146, 150, 156, 160, 166, 171, 191, 205, 211, 241, 259, 268], "summary": {"covered_lines": 66, "num_statements": 66, "percent_covered": 100.0, "percent_covered_display": "100", "missing_lines": 0, "excluded_lines": 1}, "missing_lines": [], "excluded_lines": [76]}}}, "src/calcflow/common/patterns.py": {"executed_lines": [1, 8, 9, 10, 11, 14, 17, 18, 19, 21, 22, 23, 25, 26, 28, 29, 30, 31, 32, 33, 37, 38, 40, 41, 42, 45, 46, 47, 49, 50, 51, 54, 55, 56, 58, 59, 60, 61, 63, 71, 72, 73, 74, 75, 76, 78, 85, 86, 87, 89, 91, 99, 100, 101], "summary": {"covered_lines": 50, "num_statements": 53, "percent_covered": 94.33962264150944, "percent_covered_display": "94", "missing_lines": 3, "excluded_lines": 0}, "missing_lines": [34, 35, 102], "excluded_lines": [], "functions": {"VersionSpec.from_str": {"executed_lines": [28, 29, 30, 31, 32, 33], "summary": {"covered_lines": 6, "num_statements": 8, "percent_covered": 75.0, "percent_covered_display": "75", "missing_lines": 2, "excluded_lines": 0}, "missing_lines": [34, 35], "excluded_lines": []}, "VersionSpec.version": {"executed_lines": [40, 41, 42], "summary": {"covered_lines": 3, "num_statements": 3, "percent_covered": 100.0, "percent_covered_display": "100", "missing_lines": 0, "excluded_lines": 0}, "missing_lines": [], "excluded_lines": []}, "PatternDefinition.__init__": {"executed_lines": [71, 72, 73, 74, 75, 76], "summary": {"covered_lines": 6, "num_statements": 6, "percent_covered": 100.0, "percent_covered_display": "100", "missing_lines": 0, "excluded_lines": 0}, "missing_lines": [], "excluded_lines": []}, "PatternDefinition.add_pattern": {"executed_lines": [85, 86, 87, 89], "summary": {"covered_lines": 4, "num_statements": 4, "percent_covered": 100.0, "percent_covered_display": "100", "missing_lines": 0, "excluded_lines": 0}, "missing_lines": [], "excluded_lines": []}, "PatternDefinition.get_matching_pattern": {"executed_lines": [99, 100, 101], "summary": {"covered_lines": 3, "num_statements": 4, "percent_covered": 75.0, "percent_covered_display": "75", "missing_lines": 1, "excluded_lines": 0}, "missing_lines": [102], "excluded_lines": []}, "": {"executed_lines": [1, 8, 9, 10, 11, 14, 17, 18, 19, 21, 22, 23, 25, 26, 37, 38, 45, 46, 47, 49, 50, 51, 54, 55, 56, 58, 59, 60, 61, 63, 78, 91], "summary": {"covered_lines": 28, "num_statements": 28, "percent_covered": 100.0, "percent_covered_display": "100", "missing_lines": 0, "excluded_lines": 0}, "missing_lines": [], "excluded_lines": []}}, "classes": {"VersionSpec": {"executed_lines": [28, 29, 30, 31, 32, 33, 40, 41, 42], "summary": {"covered_lines": 9, "num_statements": 11, "percent_covered": 81.81818181818181, "percent_covered_display": "82", "missing_lines": 2, "excluded_lines": 0}, "missing_lines": [34, 35], "excluded_lines": []}, "VersionedPattern": {"executed_lines": [], "summary": {"covered_lines": 0, "num_statements": 0, "percent_covered": 100.0, "percent_covered_display": "100", "missing_lines": 0, "excluded_lines": 0}, "missing_lines": [], "excluded_lines": []}, "PatternDefinition": {"executed_lines": [71, 72, 73, 74, 75, 76, 85, 86, 87, 89, 99, 100, 101], "summary": {"covered_lines": 13, "num_statements": 14, "percent_covered": 92.85714285714286, "percent_covered_display": "93", "missing_lines": 1, "excluded_lines": 0}, "missing_lines": [102], "excluded_lines": []}, "": {"executed_lines": [1, 8, 9, 10, 11, 14, 17, 18, 19, 21, 22, 23, 25, 26, 37, 38, 45, 46, 47, 49, 50, 51, 54, 55, 56, 58, 59, 60, 61, 63, 78, 91], "summary": {"covered_lines": 28, "num_statements": 28, "percent_covered": 100.0, "percent_covered_display": "100", "missing_lines": 0, "excluded_lines": 0}, "missing_lines": [], "excluded_lines": []}}}, "src/calcflow/common/results.py": {"executed_lines": [1, 19, 20, 21, 22, 23, 25, 26, 32, 35, 36, 37, 39, 41, 43, 44, 49, 50, 52, 53, 54, 55, 57, 59, 60, 62, 63, 65, 66, 69, 71, 72, 74, 76, 78, 79, 80, 82, 83, 84, 89, 97, 98, 99, 101, 102, 103, 104, 106, 110, 111, 112, 113, 116, 117, 118, 120, 121, 122, 123, 131, 132, 133, 135, 136, 138, 139, 140, 142, 144, 145, 146, 149, 150, 151, 153, 154, 155, 156, 157, 160, 161, 162, 164, 165, 166, 167, 168, 171, 172, 173, 176, 177, 178, 179, 180, 181, 184, 185, 186, 188, 189, 190, 192, 193, 194, 195, 196, 197, 199, 200, 203, 204, 205, 207, 208, 209, 210, 213, 214, 215, 217, 218, 219, 220, 221, 222, 223, 224, 225, 226, 229, 230, 231, 233, 234, 235, 236, 237, 238, 241, 242, 243, 245, 246, 247, 248, 249, 250, 251, 252, 253, 254, 257, 258, 259, 261, 262, 263, 264, 265, 266, 267, 268, 269, 270, 271, 272, 273, 274, 275, 278, 279, 280, 282, 283, 284, 285, 286, 289, 290, 291, 293, 294, 295, 296, 299, 300, 301, 303, 304, 305, 313, 314, 315, 317, 318, 319, 320, 323, 324, 325, 327, 328, 329, 330, 331, 332, 333, 334, 335, 338, 339, 340, 342, 343, 344, 345, 348, 349, 350, 352, 353, 354, 355, 356, 359, 360, 361, 363, 364, 365, 366, 367, 368, 371, 372, 373, 375, 376, 377, 378, 379, 382, 383, 384, 386, 387, 388, 389, 390, 391, 392, 394, 395, 396, 397, 398, 399, 401, 402, 403, 404, 407, 408, 409, 411, 413, 415, 417, 418, 419, 420, 422, 423, 424, 425, 426, 427, 430, 431, 432, 434, 436, 437, 439, 441, 442, 443, 444, 445, 446, 447, 448, 449, 450, 451, 452, 453, 454, 455, 457, 458, 459, 460, 461, 462, 465, 466, 467, 470, 471, 473, 474, 475, 476, 484, 485, 486, 488, 489, 492, 493, 494, 500, 501, 502, 505, 506, 509, 510, 513, 514, 515, 516, 517, 518, 519, 520, 523], "summary": {"covered_lines": 311, "num_statements": 311, "percent_covered": 100.0, "percent_covered_display": "100", "missing_lines": 0, "excluded_lines": 0}, "missing_lines": [], "excluded_lines": [], "functions": {"FrozenModel.to_dict": {"executed_lines": [41], "summary": {"covered_lines": 1, "num_statements": 1, "percent_covered": 100.0, "percent_covered_display": "100", "missing_lines": 0, "excluded_lines": 0}, "missing_lines": [], "excluded_lines": []}, "FrozenModel.from_dict": {"executed_lines": [49, 50, 52, 53, 54, 55, 57], "summary": {"covered_lines": 7, "num_statements": 7, "percent_covered": 100.0, "percent_covered_display": "100", "missing_lines": 0, "excluded_lines": 0}, "missing_lines": [], "excluded_lines": []}, "FrozenModel._convert_value": {"executed_lines": [62, 63, 65, 66, 69, 71, 72, 74, 76, 78, 79, 80, 82, 83, 84, 89], "summary": {"covered_lines": 16, "num_statements": 16, "percent_covered": 100.0, "percent_covered_display": "100", "missing_lines": 0, "excluded_lines": 0}, "missing_lines": [], "excluded_lines": []}, "Atom.__post_init__": {"executed_lines": [110, 111, 112, 113], "summary": {"covered_lines": 4, "num_statements": 4, "percent_covered": 100.0, "percent_covered_display": "100", "missing_lines": 0, "excluded_lines": 0}, "missing_lines": [], "excluded_lines": []}, "": {"executed_lines": [1, 19, 20, 21, 22, 23, 25, 26, 32, 35, 36, 37, 39, 43, 44, 59, 60, 97, 98, 99, 101, 102, 103, 104, 106, 116, 117, 118, 120, 121, 122, 123, 131, 132, 133, 135, 136, 138, 139, 140, 142, 144, 145, 146, 149, 150, 151, 153, 154, 155, 156, 157, 160, 161, 162, 164, 165, 166, 167, 168, 171, 172, 173, 176, 177, 178, 179, 180, 181, 184, 185, 186, 188, 189, 190, 192, 193, 194, 195, 196, 197, 199, 200, 203, 204, 205, 207, 208, 209, 210, 213, 214, 215, 217, 218, 219, 220, 221, 222, 223, 224, 225, 226, 229, 230, 231, 233, 234, 235, 236, 237, 238, 241, 242, 243, 245, 246, 247, 248, 249, 250, 251, 252, 253, 254, 257, 258, 259, 261, 262, 263, 264, 265, 266, 267, 268, 269, 270, 271, 272, 273, 274, 275, 278, 279, 280, 282, 283, 284, 285, 286, 289, 290, 291, 293, 294, 295, 296, 299, 300, 301, 303, 304, 305, 313, 314, 315, 317, 318, 319, 320, 323, 324, 325, 327, 328, 329, 330, 331, 332, 333, 334, 335, 338, 339, 340, 342, 343, 344, 345, 348, 349, 350, 352, 353, 354, 355, 356, 359, 360, 361, 363, 364, 365, 366, 367, 368, 371, 372, 373, 375, 376, 377, 378, 379, 382, 383, 384, 386, 387, 388, 389, 390, 391, 392, 394, 395, 396, 397, 398, 399, 401, 402, 403, 404, 407, 408, 409, 411, 413, 415, 417, 418, 419, 420, 422, 423, 424, 425, 426, 427, 430, 431, 432, 434, 436, 437, 439, 441, 442, 443, 444, 445, 446, 447, 448, 449, 450, 451, 452, 453, 454, 455, 457, 458, 459, 460, 461, 462, 465, 466, 467, 470, 471, 473, 474, 475, 476, 484, 485, 486, 488, 489, 492, 493, 494, 500, 501, 502, 505, 506, 509, 510, 513, 514, 515, 516, 517, 518, 519, 520, 523], "summary": {"covered_lines": 283, "num_statements": 283, "percent_covered": 100.0, "percent_covered_display": "100", "missing_lines": 0, "excluded_lines": 0}, "missing_lines": [], "excluded_lines": []}}, "classes": {"FrozenModel": {"executed_lines": [41, 49, 50, 52, 53, 54, 55, 57, 62, 63, 65, 66, 69, 71, 72, 74, 76, 78, 79, 80, 82, 83, 84, 89], "summary": {"covered_lines": 24, "num_statements": 24, "percent_covered": 100.0, "percent_covered_display": "100", "missing_lines": 0, "excluded_lines": 0}, "missing_lines": [], "excluded_lines": []}, "Atom": {"executed_lines": [110, 111, 112, 113], "summary": {"covered_lines": 4, "num_statements": 4, "percent_covered": 100.0, "percent_covered_display": "100", "missing_lines": 0, "excluded_lines": 0}, "missing_lines": [], "excluded_lines": []}, "Orbital": {"executed_lines": [], "summary": {"covered_lines": 0, "num_statements": 0, "percent_covered": 100.0, "percent_covered_display": "100", "missing_lines": 0, "excluded_lines": 0}, "missing_lines": [], "excluded_lines": []}, "ScfIteration": {"executed_lines": [], "summary": {"covered_lines": 0, "num_statements": 0, "percent_covered": 100.0, "percent_covered_display": "100", "missing_lines": 0, "excluded_lines": 0}, "missing_lines": [], "excluded_lines": []}, "ScfEnergyComponents": {"executed_lines": [], "summary": {"covered_lines": 0, "num_statements": 0, "percent_covered": 100.0, "percent_covered_display": "100", "missing_lines": 0, "excluded_lines": 0}, "missing_lines": [], "excluded_lines": []}, "ScfResults": {"executed_lines": [], "summary": {"covered_lines": 0, "num_statements": 0, "percent_covered": 100.0, "percent_covered_display": "100", "missing_lines": 0, "excluded_lines": 0}, "missing_lines": [], "excluded_lines": []}, "OrbitalsSet": {"executed_lines": [], "summary": {"covered_lines": 0, "num_statements": 0, "percent_covered": 100.0, "percent_covered_display": "100", "missing_lines": 0, "excluded_lines": 0}, "missing_lines": [], "excluded_lines": []}, "AtomicCharges": {"executed_lines": [], "summary": {"covered_lines": 0, "num_statements": 0, "percent_covered": 100.0, "percent_covered_display": "100", "missing_lines": 0, "excluded_lines": 0}, "missing_lines": [], "excluded_lines": []}, "DipoleMoment": {"executed_lines": [], "summary": {"covered_lines": 0, "num_statements": 0, "percent_covered": 100.0, "percent_covered_display": "100", "missing_lines": 0, "excluded_lines": 0}, "missing_lines": [], "excluded_lines": []}, "DispersionCorrection": {"executed_lines": [], "summary": {"covered_lines": 0, "num_statements": 0, "percent_covered": 100.0, "percent_covered_display": "100", "missing_lines": 0, "excluded_lines": 0}, "missing_lines": [], "excluded_lines": []}, "QuadrupoleMoment": {"executed_lines": [], "summary": {"covered_lines": 0, "num_statements": 0, "percent_covered": 100.0, "percent_covered_display": "100", "missing_lines": 0, "excluded_lines": 0}, "missing_lines": [], "excluded_lines": []}, "OctopoleMoment": {"executed_lines": [], "summary": {"covered_lines": 0, "num_statements": 0, "percent_covered": 100.0, "percent_covered_display": "100", "missing_lines": 0, "excluded_lines": 0}, "missing_lines": [], "excluded_lines": []}, "HexadecapoleMoment": {"executed_lines": [], "summary": {"covered_lines": 0, "num_statements": 0, "percent_covered": 100.0, "percent_covered_display": "100", "missing_lines": 0, "excluded_lines": 0}, "missing_lines": [], "excluded_lines": []}, "MultipoleResults": {"executed_lines": [], "summary": {"covered_lines": 0, "num_statements": 0, "percent_covered": 100.0, "percent_covered_display": "100", "missing_lines": 0, "excluded_lines": 0}, "missing_lines": [], "excluded_lines": []}, "SmdResults": {"executed_lines": [], "summary": {"covered_lines": 0, "num_statements": 0, "percent_covered": 100.0, "percent_covered_display": "100", "missing_lines": 0, "excluded_lines": 0}, "missing_lines": [], "excluded_lines": []}, "TimingResults": {"executed_lines": [], "summary": {"covered_lines": 0, "num_statements": 0, "percent_covered": 100.0, "percent_covered_display": "100", "missing_lines": 0, "excluded_lines": 0}, "missing_lines": [], "excluded_lines": []}, "OrbitalTransition": {"executed_lines": [], "summary": {"covered_lines": 0, "num_statements": 0, "percent_covered": 100.0, "percent_covered_display": "100", "missing_lines": 0, "excluded_lines": 0}, "missing_lines": [], "excluded_lines": []}, "ExcitedState": {"executed_lines": [], "summary": {"covered_lines": 0, "num_statements": 0, "percent_covered": 100.0, "percent_covered_display": "100", "missing_lines": 0, "excluded_lines": 0}, "missing_lines": [], "excluded_lines": []}, "NTOContribution": {"executed_lines": [], "summary": {"covered_lines": 0, "num_statements": 0, "percent_covered": 100.0, "percent_covered_display": "100", "missing_lines": 0, "excluded_lines": 0}, "missing_lines": [], "excluded_lines": []}, "NTOStateAnalysis": {"executed_lines": [], "summary": {"covered_lines": 0, "num_statements": 0, "percent_covered": 100.0, "percent_covered_display": "100", "missing_lines": 0, "excluded_lines": 0}, "missing_lines": [], "excluded_lines": []}, "GroundStateReference": {"executed_lines": [], "summary": {"covered_lines": 0, "num_statements": 0, "percent_covered": 100.0, "percent_covered_display": "100", "missing_lines": 0, "excluded_lines": 0}, "missing_lines": [], "excluded_lines": []}, "NaturalOrbitals": {"executed_lines": [], "summary": {"covered_lines": 0, "num_statements": 0, "percent_covered": 100.0, "percent_covered_display": "100", "missing_lines": 0, "excluded_lines": 0}, "missing_lines": [], "excluded_lines": []}, "ExcitonAnalysis": {"executed_lines": [], "summary": {"covered_lines": 0, "num_statements": 0, "percent_covered": 100.0, "percent_covered_display": "100", "missing_lines": 0, "excluded_lines": 0}, "missing_lines": [], "excluded_lines": []}, "UnrelaxedDensityMatrix": {"executed_lines": [], "summary": {"covered_lines": 0, "num_statements": 0, "percent_covered": 100.0, "percent_covered_display": "100", "missing_lines": 0, "excluded_lines": 0}, "missing_lines": [], "excluded_lines": []}, "TransitionDensityMatrix": {"executed_lines": [], "summary": {"covered_lines": 0, "num_statements": 0, "percent_covered": 100.0, "percent_covered_display": "100", "missing_lines": 0, "excluded_lines": 0}, "missing_lines": [], "excluded_lines": []}, "TddftResults": {"executed_lines": [], "summary": {"covered_lines": 0, "num_statements": 0, "percent_covered": 100.0, "percent_covered_display": "100", "missing_lines": 0, "excluded_lines": 0}, "missing_lines": [], "excluded_lines": []}, "CalculationMetadata": {"executed_lines": [], "summary": {"covered_lines": 0, "num_statements": 0, "percent_covered": 100.0, "percent_covered_display": "100", "missing_lines": 0, "excluded_lines": 0}, "missing_lines": [], "excluded_lines": []}, "CalculationResult": {"executed_lines": [], "summary": {"covered_lines": 0, "num_statements": 0, "percent_covered": 100.0, "percent_covered_display": "100", "missing_lines": 0, "excluded_lines": 0}, "missing_lines": [], "excluded_lines": []}, "": {"executed_lines": [1, 19, 20, 21, 22, 23, 25, 26, 32, 35, 36, 37, 39, 43, 44, 59, 60, 97, 98, 99, 101, 102, 103, 104, 106, 116, 117, 118, 120, 121, 122, 123, 131, 132, 133, 135, 136, 138, 139, 140, 142, 144, 145, 146, 149, 150, 151, 153, 154, 155, 156, 157, 160, 161, 162, 164, 165, 166, 167, 168, 171, 172, 173, 176, 177, 178, 179, 180, 181, 184, 185, 186, 188, 189, 190, 192, 193, 194, 195, 196, 197, 199, 200, 203, 204, 205, 207, 208, 209, 210, 213, 214, 215, 217, 218, 219, 220, 221, 222, 223, 224, 225, 226, 229, 230, 231, 233, 234, 235, 236, 237, 238, 241, 242, 243, 245, 246, 247, 248, 249, 250, 251, 252, 253, 254, 257, 258, 259, 261, 262, 263, 264, 265, 266, 267, 268, 269, 270, 271, 272, 273, 274, 275, 278, 279, 280, 282, 283, 284, 285, 286, 289, 290, 291, 293, 294, 295, 296, 299, 300, 301, 303, 304, 305, 313, 314, 315, 317, 318, 319, 320, 323, 324, 325, 327, 328, 329, 330, 331, 332, 333, 334, 335, 338, 339, 340, 342, 343, 344, 345, 348, 349, 350, 352, 353, 354, 355, 356, 359, 360, 361, 363, 364, 365, 366, 367, 368, 371, 372, 373, 375, 376, 377, 378, 379, 382, 383, 384, 386, 387, 388, 389, 390, 391, 392, 394, 395, 396, 397, 398, 399, 401, 402, 403, 404, 407, 408, 409, 411, 413, 415, 417, 418, 419, 420, 422, 423, 424, 425, 426, 427, 430, 431, 432, 434, 436, 437, 439, 441, 442, 443, 444, 445, 446, 447, 448, 449, 450, 451, 452, 453, 454, 455, 457, 458, 459, 460, 461, 462, 465, 466, 467, 470, 471, 473, 474, 475, 476, 484, 485, 486, 488, 489, 492, 493, 494, 500, 501, 502, 505, 506, 509, 510, 513, 514, 515, 516, 517, 518, 519, 520, 523], "summary": {"covered_lines": 283, "num_statements": 283, "percent_covered": 100.0, "percent_covered_display": "100", "missing_lines": 0, "excluded_lines": 0}, "missing_lines": [], "excluded_lines": []}}}, "src/calcflow/geometry/static.py": {"executed_lines": [1, 2, 3, 4, 6, 7, 8, 11, 14, 15, 16, 19, 20, 21, 23, 26, 27, 28, 33, 34, 36, 37, 38, 40, 41, 42, 44, 45, 47, 49, 50, 52, 54, 55, 57, 58, 61, 62, 63, 65, 66, 68, 69, 71, 72, 73, 74, 76, 77, 79, 80, 85, 86, 87, 88, 89, 90, 91, 92, 93, 95, 97, 99, 101, 104, 106, 108, 110, 111, 112], "summary": {"covered_lines": 68, "num_statements": 69, "percent_covered": 98.55072463768116, "percent_covered_display": "99", "missing_lines": 1, "excluded_lines": 2}, "missing_lines": [59], "excluded_lines": [101, 102], "functions": {"_parse_energy_from_comment": {"executed_lines": [14, 15, 16, 19, 20, 21, 23], "summary": {"covered_lines": 7, "num_statements": 7, "percent_covered": 100.0, "percent_covered_display": "100", "missing_lines": 0, "excluded_lines": 0}, "missing_lines": [], "excluded_lines": []}, "Geometry.num_atoms": {"executed_lines": [38], "summary": {"covered_lines": 1, "num_statements": 1, "percent_covered": 100.0, "percent_covered_display": "100", "missing_lines": 0, "excluded_lines": 0}, "missing_lines": [], "excluded_lines": []}, "Geometry.energy": {"executed_lines": [42], "summary": {"covered_lines": 1, "num_statements": 1, "percent_covered": 100.0, "percent_covered_display": "100", "missing_lines": 0, "excluded_lines": 0}, "missing_lines": [], "excluded_lines": []}, "Geometry.unique_elements": {"executed_lines": [47], "summary": {"covered_lines": 1, "num_statements": 1, "percent_covered": 100.0, "percent_covered_display": "100", "missing_lines": 0, "excluded_lines": 0}, "missing_lines": [], "excluded_lines": []}, "Geometry.total_nuclear_charge": {"executed_lines": [52], "summary": {"covered_lines": 1, "num_statements": 1, "percent_covered": 100.0, "percent_covered_display": "100", "missing_lines": 0, "excluded_lines": 0}, "missing_lines": [], "excluded_lines": []}, "Geometry.from_xyz_file": {"executed_lines": [57, 58, 61, 62, 63], "summary": {"covered_lines": 5, "num_statements": 6, "percent_covered": 83.33333333333333, "percent_covered_display": "83", "missing_lines": 1, "excluded_lines": 0}, "missing_lines": [59], "excluded_lines": []}, "Geometry.from_lines": {"executed_lines": [68, 69, 71, 72, 73, 74, 76, 77, 79, 80, 85, 86, 87, 88, 89, 90, 91, 92, 93, 95], "summary": {"covered_lines": 20, "num_statements": 20, "percent_covered": 100.0, "percent_covered_display": "100", "missing_lines": 0, "excluded_lines": 0}, "missing_lines": [], "excluded_lines": []}, "Geometry.to_xyz_str": {"executed_lines": [99], "summary": {"covered_lines": 1, "num_statements": 1, "percent_covered": 100.0, "percent_covered_display": "100", "missing_lines": 0, "excluded_lines": 0}, "missing_lines": [], "excluded_lines": []}, "Geometry.__str__": {"executed_lines": [], "summary": {"covered_lines": 0, "num_statements": 0, "percent_covered": 100.0, "percent_covered_display": "100", "missing_lines": 0, "excluded_lines": 1}, "missing_lines": [], "excluded_lines": [102]}, "Geometry.get_coordinate_block": {"executed_lines": [106], "summary": {"covered_lines": 1, "num_statements": 1, "percent_covered": 100.0, "percent_covered_display": "100", "missing_lines": 0, "excluded_lines": 0}, "missing_lines": [], "excluded_lines": []}, "Geometry.to_xyz_file": {"executed_lines": [110, 111, 112], "summary": {"covered_lines": 3, "num_statements": 3, "percent_covered": 100.0, "percent_covered_display": "100", "missing_lines": 0, "excluded_lines": 0}, "missing_lines": [], "excluded_lines": []}, "": {"executed_lines": [1, 2, 3, 4, 6, 7, 8, 11, 26, 27, 28, 33, 34, 36, 37, 40, 41, 44, 45, 49, 50, 54, 55, 65, 66, 97, 101, 104, 108], "summary": {"covered_lines": 27, "num_statements": 27, "percent_covered": 100.0, "percent_covered_display": "100", "missing_lines": 0, "excluded_lines": 1}, "missing_lines": [], "excluded_lines": [101]}}, "classes": {"Geometry": {"executed_lines": [38, 42, 47, 52, 57, 58, 61, 62, 63, 68, 69, 71, 72, 73, 74, 76, 77, 79, 80, 85, 86, 87, 88, 89, 90, 91, 92, 93, 95, 99, 106, 110, 111, 112], "summary": {"covered_lines": 34, "num_statements": 35, "percent_covered": 97.14285714285714, "percent_covered_display": "97", "missing_lines": 1, "excluded_lines": 1}, "missing_lines": [59], "excluded_lines": [102]}, "": {"executed_lines": [1, 2, 3, 4, 6, 7, 8, 11, 14, 15, 16, 19, 20, 21, 23, 26, 27, 28, 33, 34, 36, 37, 40, 41, 44, 45, 49, 50, 54, 55, 65, 66, 97, 101, 104, 108], "summary": {"covered_lines": 34, "num_statements": 34, "percent_covered": 100.0, "percent_covered_display": "100", "missing_lines": 0, "excluded_lines": 1}, "missing_lines": [], "excluded_lines": [101]}}}, "src/calcflow/geometry/trajectory.py": {"executed_lines": [1, 2, 3, 4, 6, 7, 10, 12, 13, 14, 15, 16, 17, 18, 19, 20, 21, 24, 25, 26, 31, 33, 34, 35, 36, 37, 38, 40, 41, 43, 44, 45, 47, 48, 50, 51, 53, 55, 56, 58, 59, 61, 62], "summary": {"covered_lines": 42, "num_statements": 42, "percent_covered": 100.0, "percent_covered_display": "100", "missing_lines": 0, "excluded_lines": 0}, "missing_lines": [], "excluded_lines": [], "functions": {"_iter_xyz_frames": {"executed_lines": [12, 13, 14, 15, 16, 17, 18, 19, 20, 21], "summary": {"covered_lines": 10, "num_statements": 10, "percent_covered": 100.0, "percent_covered_display": "100", "missing_lines": 0, "excluded_lines": 0}, "missing_lines": [], "excluded_lines": []}, "Trajectory.__post_init__": {"executed_lines": [34, 35, 36, 37, 38], "summary": {"covered_lines": 5, "num_statements": 5, "percent_covered": 100.0, "percent_covered_display": "100", "missing_lines": 0, "excluded_lines": 0}, "missing_lines": [], "excluded_lines": []}, "Trajectory.from_xyz_file": {"executed_lines": [43, 44, 45, 47, 48, 50, 51, 53], "summary": {"covered_lines": 8, "num_statements": 8, "percent_covered": 100.0, "percent_covered_display": "100", "missing_lines": 0, "excluded_lines": 0}, "missing_lines": [], "excluded_lines": []}, "Trajectory.__len__": {"executed_lines": [56], "summary": {"covered_lines": 1, "num_statements": 1, "percent_covered": 100.0, "percent_covered_display": "100", "missing_lines": 0, "excluded_lines": 0}, "missing_lines": [], "excluded_lines": []}, "Trajectory.__getitem__": {"executed_lines": [59], "summary": {"covered_lines": 1, "num_statements": 1, "percent_covered": 100.0, "percent_covered_display": "100", "missing_lines": 0, "excluded_lines": 0}, "missing_lines": [], "excluded_lines": []}, "Trajectory.__iter__": {"executed_lines": [62], "summary": {"covered_lines": 1, "num_statements": 1, "percent_covered": 100.0, "percent_covered_display": "100", "missing_lines": 0, "excluded_lines": 0}, "missing_lines": [], "excluded_lines": []}, "": {"executed_lines": [1, 2, 3, 4, 6, 7, 10, 24, 25, 26, 31, 33, 40, 41, 55, 58, 61], "summary": {"covered_lines": 16, "num_statements": 16, "percent_covered": 100.0, "percent_covered_display": "100", "missing_lines": 0, "excluded_lines": 0}, "missing_lines": [], "excluded_lines": []}}, "classes": {"Trajectory": {"executed_lines": [34, 35, 36, 37, 38, 43, 44, 45, 47, 48, 50, 51, 53, 56, 59, 62], "summary": {"covered_lines": 16, "num_statements": 16, "percent_covered": 100.0, "percent_covered_display": "100", "missing_lines": 0, "excluded_lines": 0}, "missing_lines": [], "excluded_lines": []}, "": {"executed_lines": [1, 2, 3, 4, 6, 7, 10, 12, 13, 14, 15, 16, 17, 18, 19, 20, 21, 24, 25, 26, 31, 33, 40, 41, 55, 58, 61], "summary": {"covered_lines": 26, "num_statements": 26, "percent_covered": 100.0, "percent_covered_display": "100", "missing_lines": 0, "excluded_lines": 0}, "missing_lines": [], "excluded_lines": []}}}, "src/calcflow/io/core.py": {"executed_lines": [1, 5, 6, 8, 9, 10, 11, 14, 15, 17, 18, 21, 32, 33, 35, 36, 37, 38, 39, 40, 42, 43, 45, 46, 47, 48, 49, 50, 51, 53, 54, 56, 57, 58, 69, 82, 86], "summary": {"covered_lines": 33, "num_statements": 43, "percent_covered": 76.74418604651163, "percent_covered_display": "77", "missing_lines": 10, "excluded_lines": 6}, "missing_lines": [59, 60, 61, 62, 64, 65, 72, 76, 79, 83], "excluded_lines": [48, 57, 63, 75, 78, 84], "functions": {"BlockParser.matches": {"executed_lines": [17], "summary": {"covered_lines": 1, "num_statements": 1, "percent_covered": 100.0, "percent_covered_display": "100", "missing_lines": 0, "excluded_lines": 0}, "missing_lines": [], "excluded_lines": []}, "BlockParser.parse": {"executed_lines": [18], "summary": {"covered_lines": 1, "num_statements": 1, "percent_covered": 100.0, "percent_covered_display": "100", "missing_lines": 0, "excluded_lines": 0}, "missing_lines": [], "excluded_lines": []}, "core_parse": {"executed_lines": [32, 33, 35, 36, 37, 38, 39, 40, 42, 43, 45, 46, 47, 48, 49, 50, 51, 53, 54, 56, 57, 58, 69, 82, 86], "summary": {"covered_lines": 23, "num_statements": 33, "percent_covered": 69.6969696969697, "percent_covered_display": "70", "missing_lines": 10, "excluded_lines": 6}, "missing_lines": [59, 60, 61, 62, 64, 65, 72, 76, 79, 83], "excluded_lines": [48, 57, 63, 75, 78, 84]}, "": {"executed_lines": [1, 5, 6, 8, 9, 10, 11, 14, 15, 21], "summary": {"covered_lines": 8, "num_statements": 8, "percent_covered": 100.0, "percent_covered_display": "100", "missing_lines": 0, "excluded_lines": 0}, "missing_lines": [], "excluded_lines": []}}, "classes": {"BlockParser": {"executed_lines": [17, 18], "summary": {"covered_lines": 2, "num_statements": 2, "percent_covered": 100.0, "percent_covered_display": "100", "missing_lines": 0, "excluded_lines": 0}, "missing_lines": [], "excluded_lines": []}, "": {"executed_lines": [1, 5, 6, 8, 9, 10, 11, 14, 15, 21, 32, 33, 35, 36, 37, 38, 39, 40, 42, 43, 45, 46, 47, 48, 49, 50, 51, 53, 54, 56, 57, 58, 69, 82, 86], "summary": {"covered_lines": 31, "num_statements": 41, "percent_covered": 75.60975609756098, "percent_covered_display": "76", "missing_lines": 10, "excluded_lines": 6}, "missing_lines": [59, 60, 61, 62, 64, 65, 72, 76, 79, 83], "excluded_lines": [48, 57, 63, 75, 78, 84]}}}, "src/calcflow/io/orca/blocks/charges.py": {"executed_lines": [1, 9, 10, 12, 13, 14, 17, 18, 22, 25, 26, 29, 30, 38, 45, 47, 56, 59, 60, 61, 62, 68, 69, 74, 77, 79, 82, 85, 87, 90, 91, 92, 93, 94, 95, 101, 106, 107, 109, 113], "summary": {"covered_lines": 36, "num_statements": 44, "percent_covered": 81.81818181818181, "percent_covered_display": "82", "missing_lines": 8, "excluded_lines": 4}, "missing_lines": [65, 70, 72, 96, 97, 98, 102, 103], "excluded_lines": [56, 64, 71, 109], "functions": {"ChargesParser.matches": {"executed_lines": [45], "summary": {"covered_lines": 1, "num_statements": 1, "percent_covered": 100.0, "percent_covered_display": "100", "missing_lines": 0, "excluded_lines": 0}, "missing_lines": [], "excluded_lines": []}, "ChargesParser.parse": {"executed_lines": [56, 59, 60, 61, 62, 68, 69, 74, 77, 79, 82, 85, 87, 90, 91, 92, 93, 94, 95, 101, 106, 107, 109, 113], "summary": {"covered_lines": 22, "num_statements": 30, "percent_covered": 73.33333333333333, "percent_covered_display": "73", "missing_lines": 8, "excluded_lines": 4}, "missing_lines": [65, 70, 72, 96, 97, 98, 102, 103], "excluded_lines": [56, 64, 71, 109]}, "": {"executed_lines": [1, 9, 10, 12, 13, 14, 17, 18, 22, 25, 26, 29, 30, 38, 47], "summary": {"covered_lines": 13, "num_statements": 13, "percent_covered": 100.0, "percent_covered_display": "100", "missing_lines": 0, "excluded_lines": 0}, "missing_lines": [], "excluded_lines": []}}, "classes": {"ChargesParser": {"executed_lines": [45, 56, 59, 60, 61, 62, 68, 69, 74, 77, 79, 82, 85, 87, 90, 91, 92, 93, 94, 95, 101, 106, 107, 109, 113], "summary": {"covered_lines": 23, "num_statements": 31, "percent_covered": 74.19354838709677, "percent_covered_display": "74", "missing_lines": 8, "excluded_lines": 4}, "missing_lines": [65, 70, 72, 96, 97, 98, 102, 103], "excluded_lines": [56, 64, 71, 109]}, "": {"executed_lines": [1, 9, 10, 12, 13, 14, 17, 18, 22, 25, 26, 29, 30, 38, 47], "summary": {"covered_lines": 13, "num_statements": 13, "percent_covered": 100.0, "percent_covered_display": "100", "missing_lines": 0, "excluded_lines": 0}, "missing_lines": [], "excluded_lines": []}}}, "src/calcflow/io/orca/blocks/dipole.py": {"executed_lines": [1, 2, 4, 5, 6, 7, 9, 12, 15, 18, 21, 22, 24, 30, 31, 32, 34, 51, 53, 54, 55, 56, 58, 60, 61, 64, 65, 66, 67, 68, 73, 74, 75, 79, 82, 85, 89, 98, 99, 108, 109], "summary": {"covered_lines": 38, "num_statements": 45, "percent_covered": 84.44444444444444, "percent_covered_display": "84", "missing_lines": 7, "excluded_lines": 3}, "missing_lines": [69, 70, 76, 77, 83, 86, 103], "excluded_lines": [51, 102, 109], "functions": {"DipoleParser.matches": {"executed_lines": [30, 31, 32], "summary": {"covered_lines": 3, "num_statements": 3, "percent_covered": 100.0, "percent_covered_display": "100", "missing_lines": 0, "excluded_lines": 0}, "missing_lines": [], "excluded_lines": []}, "DipoleParser.parse": {"executed_lines": [51, 53, 54, 55, 56, 58, 60, 61, 64, 65, 66, 67, 68, 73, 74, 75, 79, 82, 85, 89, 98, 99, 108, 109], "summary": {"covered_lines": 22, "num_statements": 29, "percent_covered": 75.86206896551724, "percent_covered_display": "76", "missing_lines": 7, "excluded_lines": 3}, "missing_lines": [69, 70, 76, 77, 83, 86, 103], "excluded_lines": [51, 102, 109]}, "": {"executed_lines": [1, 2, 4, 5, 6, 7, 9, 12, 15, 18, 21, 22, 24, 34], "summary": {"covered_lines": 13, "num_statements": 13, "percent_covered": 100.0, "percent_covered_display": "100", "missing_lines": 0, "excluded_lines": 0}, "missing_lines": [], "excluded_lines": []}}, "classes": {"DipoleParser": {"executed_lines": [30, 31, 32, 51, 53, 54, 55, 56, 58, 60, 61, 64, 65, 66, 67, 68, 73, 74, 75, 79, 82, 85, 89, 98, 99, 108, 109], "summary": {"covered_lines": 25, "num_statements": 32, "percent_covered": 78.125, "percent_covered_display": "78", "missing_lines": 7, "excluded_lines": 3}, "missing_lines": [69, 70, 76, 77, 83, 86, 103], "excluded_lines": [51, 102, 109]}, "": {"executed_lines": [1, 2, 4, 5, 6, 7, 9, 12, 15, 18, 21, 22, 24, 34], "summary": {"covered_lines": 13, "num_statements": 13, "percent_covered": 100.0, "percent_covered_display": "100", "missing_lines": 0, "excluded_lines": 0}, "missing_lines": [], "excluded_lines": []}}}, "src/calcflow/io/orca/blocks/dispersion.py": {"executed_lines": [1, 2, 4, 5, 6, 7, 9, 12, 13, 14, 15, 16, 19, 20, 21, 24, 25, 26, 27, 28, 31, 32, 34, 35, 37, 38, 39, 40, 41, 42, 43, 44, 45, 46, 47, 48, 49, 51, 55, 56, 57, 59, 63, 64, 66, 68, 70, 71, 74, 75, 76, 77, 78, 79, 82, 83, 84, 85, 86, 89, 90, 91, 92, 93, 96, 97, 98, 99, 100, 103, 104, 105, 108, 110, 111, 113, 114, 115, 116, 117, 120, 121, 122, 123, 124, 125, 128, 129, 130, 131, 132, 133, 136, 137, 138, 139, 140, 143, 146, 147, 148, 149, 150, 152, 153, 154, 155, 156, 158, 159, 160, 161, 162, 165, 173, 175, 178, 182, 187, 200, 201], "summary": {"covered_lines": 107, "num_statements": 112, "percent_covered": 95.53571428571429, "percent_covered_display": "96", "missing_lines": 5, "excluded_lines": 15}, "missing_lines": [166, 168, 170, 179, 183], "excluded_lines": [64, 78, 85, 92, 99, 116, 124, 132, 140, 149, 155, 161, 169, 184, 201], "functions": {"DispersionParser.__init__": {"executed_lines": [35], "summary": {"covered_lines": 1, "num_statements": 1, "percent_covered": 100.0, "percent_covered_display": "100", "missing_lines": 0, "excluded_lines": 0}, "missing_lines": [], "excluded_lines": []}, "DispersionParser._reset_state": {"executed_lines": [38, 39, 40, 41, 42, 43, 44, 45, 46, 47, 48, 49], "summary": {"covered_lines": 12, "num_statements": 12, "percent_covered": 100.0, "percent_covered_display": "100", "missing_lines": 0, "excluded_lines": 0}, "missing_lines": [], "excluded_lines": []}, "DispersionParser.matches": {"executed_lines": [55, 56, 57], "summary": {"covered_lines": 3, "num_statements": 3, "percent_covered": 100.0, "percent_covered_display": "100", "missing_lines": 0, "excluded_lines": 0}, "missing_lines": [], "excluded_lines": []}, "DispersionParser.parse": {"executed_lines": [63, 64, 66, 68, 70, 71, 74, 75, 76, 77, 78, 79, 82, 83, 84, 85, 86, 89, 90, 91, 92, 93, 96, 97, 98, 99, 100, 103, 104, 105, 108, 110, 111, 113, 114, 115, 116, 117, 120, 121, 122, 123, 124, 125, 128, 129, 130, 131, 132, 133, 136, 137, 138, 139, 140, 143, 146, 147, 148, 149, 150, 152, 153, 154, 155, 156, 158, 159, 160, 161, 162, 165, 173, 175, 178, 182, 187, 200, 201], "summary": {"covered_lines": 66, "num_statements": 71, "percent_covered": 92.95774647887323, "percent_covered_display": "93", "missing_lines": 5, "excluded_lines": 15}, "missing_lines": [166, 168, 170, 179, 183], "excluded_lines": [64, 78, 85, 92, 99, 116, 124, 132, 140, 149, 155, 161, 169, 184, 201]}, "": {"executed_lines": [1, 2, 4, 5, 6, 7, 9, 12, 13, 14, 15, 16, 19, 20, 21, 24, 25, 26, 27, 28, 31, 32, 34, 37, 51, 59], "summary": {"covered_lines": 25, "num_statements": 25, "percent_covered": 100.0, "percent_covered_display": "100", "missing_lines": 0, "excluded_lines": 0}, "missing_lines": [], "excluded_lines": []}}, "classes": {"DispersionParser": {"executed_lines": [35, 38, 39, 40, 41, 42, 43, 44, 45, 46, 47, 48, 49, 55, 56, 57, 63, 64, 66, 68, 70, 71, 74, 75, 76, 77, 78, 79, 82, 83, 84, 85, 86, 89, 90, 91, 92, 93, 96, 97, 98, 99, 100, 103, 104, 105, 108, 110, 111, 113, 114, 115, 116, 117, 120, 121, 122, 123, 124, 125, 128, 129, 130, 131, 132, 133, 136, 137, 138, 139, 140, 143, 146, 147, 148, 149, 150, 152, 153, 154, 155, 156, 158, 159, 160, 161, 162, 165, 173, 175, 178, 182, 187, 200, 201], "summary": {"covered_lines": 82, "num_statements": 87, "percent_covered": 94.25287356321839, "percent_covered_display": "94", "missing_lines": 5, "excluded_lines": 15}, "missing_lines": [166, 168, 170, 179, 183], "excluded_lines": [64, 78, 85, 92, 99, 116, 124, 132, 140, 149, 155, 161, 169, 184, 201]}, "": {"executed_lines": [1, 2, 4, 5, 6, 7, 9, 12, 13, 14, 15, 16, 19, 20, 21, 24, 25, 26, 27, 28, 31, 32, 34, 37, 51, 59], "summary": {"covered_lines": 25, "num_statements": 25, "percent_covered": 100.0, "percent_covered_display": "100", "missing_lines": 0, "excluded_lines": 0}, "missing_lines": [], "excluded_lines": []}}}, "src/calcflow/io/orca/blocks/finalization.py": {"executed_lines": [1, 2, 4, 6, 7, 10, 11, 12, 14, 15, 16, 17, 20, 21, 22, 24, 25], "summary": {"covered_lines": 17, "num_statements": 17, "percent_covered": 100.0, "percent_covered_display": "100", "missing_lines": 0, "excluded_lines": 0}, "missing_lines": [], "excluded_lines": [], "functions": {"FinalEnergyParser.matches": {"executed_lines": [12], "summary": {"covered_lines": 1, "num_statements": 1, "percent_covered": 100.0, "percent_covered_display": "100", "missing_lines": 0, "excluded_lines": 0}, "missing_lines": [], "excluded_lines": []}, "FinalEnergyParser.parse": {"executed_lines": [15, 16, 17], "summary": {"covered_lines": 3, "num_statements": 3, "percent_covered": 100.0, "percent_covered_display": "100", "missing_lines": 0, "excluded_lines": 0}, "missing_lines": [], "excluded_lines": []}, "TerminationParser.matches": {"executed_lines": [22], "summary": {"covered_lines": 1, "num_statements": 1, "percent_covered": 100.0, "percent_covered_display": "100", "missing_lines": 0, "excluded_lines": 0}, "missing_lines": [], "excluded_lines": []}, "TerminationParser.parse": {"executed_lines": [25], "summary": {"covered_lines": 1, "num_statements": 1, "percent_covered": 100.0, "percent_covered_display": "100", "missing_lines": 0, "excluded_lines": 0}, "missing_lines": [], "excluded_lines": []}, "": {"executed_lines": [1, 2, 4, 6, 7, 10, 11, 14, 20, 21, 24], "summary": {"covered_lines": 11, "num_statements": 11, "percent_covered": 100.0, "percent_covered_display": "100", "missing_lines": 0, "excluded_lines": 0}, "missing_lines": [], "excluded_lines": []}}, "classes": {"FinalEnergyParser": {"executed_lines": [12, 15, 16, 17], "summary": {"covered_lines": 4, "num_statements": 4, "percent_covered": 100.0, "percent_covered_display": "100", "missing_lines": 0, "excluded_lines": 0}, "missing_lines": [], "excluded_lines": []}, "TerminationParser": {"executed_lines": [22, 25], "summary": {"covered_lines": 2, "num_statements": 2, "percent_covered": 100.0, "percent_covered_display": "100", "missing_lines": 0, "excluded_lines": 0}, "missing_lines": [], "excluded_lines": []}, "": {"executed_lines": [1, 2, 4, 6, 7, 10, 11, 14, 20, 21, 24], "summary": {"covered_lines": 11, "num_statements": 11, "percent_covered": 100.0, "percent_covered_display": "100", "missing_lines": 0, "excluded_lines": 0}, "missing_lines": [], "excluded_lines": []}}}, "src/calcflow/io/orca/blocks/geometry.py": {"executed_lines": [1, 2, 4, 5, 6, 7, 9, 10, 13, 14, 15, 17, 18, 19, 20, 21, 22, 23, 24, 25, 26, 27, 28, 33, 36, 37, 38], "summary": {"covered_lines": 25, "num_statements": 28, "percent_covered": 89.28571428571429, "percent_covered_display": "89", "missing_lines": 3, "excluded_lines": 2}, "missing_lines": [30, 31, 34], "excluded_lines": [18, 38], "functions": {"GeometryParser.matches": {"executed_lines": [15], "summary": {"covered_lines": 1, "num_statements": 1, "percent_covered": 100.0, "percent_covered_display": "100", "missing_lines": 0, "excluded_lines": 0}, "missing_lines": [], "excluded_lines": []}, "GeometryParser.parse": {"executed_lines": [18, 19, 20, 21, 22, 23, 24, 25, 26, 27, 28, 33, 36, 37, 38], "summary": {"covered_lines": 13, "num_statements": 16, "percent_covered": 81.25, "percent_covered_display": "81", "missing_lines": 3, "excluded_lines": 2}, "missing_lines": [30, 31, 34], "excluded_lines": [18, 38]}, "": {"executed_lines": [1, 2, 4, 5, 6, 7, 9, 10, 13, 14, 17], "summary": {"covered_lines": 11, "num_statements": 11, "percent_covered": 100.0, "percent_covered_display": "100", "missing_lines": 0, "excluded_lines": 0}, "missing_lines": [], "excluded_lines": []}}, "classes": {"GeometryParser": {"executed_lines": [15, 18, 19, 20, 21, 22, 23, 24, 25, 26, 27, 28, 33, 36, 37, 38], "summary": {"covered_lines": 14, "num_statements": 17, "percent_covered": 82.3529411764706, "percent_covered_display": "82", "missing_lines": 3, "excluded_lines": 2}, "missing_lines": [30, 31, 34], "excluded_lines": [18, 38]}, "": {"executed_lines": [1, 2, 4, 5, 6, 7, 9, 10, 13, 14, 17], "summary": {"covered_lines": 11, "num_statements": 11, "percent_covered": 100.0, "percent_covered_display": "100", "missing_lines": 0, "excluded_lines": 0}, "missing_lines": [], "excluded_lines": []}}}, "src/calcflow/io/orca/blocks/orbitals.py": {"executed_lines": [1, 8, 9, 11, 12, 13, 14, 17, 22, 23, 26, 29, 30, 38, 49, 50, 51, 53, 65, 67, 68, 69, 72, 75, 78, 80, 82, 86, 87, 90, 91, 92, 93, 94, 95, 96, 97, 99, 105, 110, 111, 112, 113, 123, 127, 136, 137, 138], "summary": {"covered_lines": 44, "num_statements": 50, "percent_covered": 88.0, "percent_covered_display": "88", "missing_lines": 6, "excluded_lines": 2}, "missing_lines": [83, 115, 116, 120, 121, 124], "excluded_lines": [65, 138], "functions": {"OrbitalsParser.matches": {"executed_lines": [49, 50, 51], "summary": {"covered_lines": 3, "num_statements": 3, "percent_covered": 100.0, "percent_covered_display": "100", "missing_lines": 0, "excluded_lines": 0}, "missing_lines": [], "excluded_lines": []}, "OrbitalsParser.parse": {"executed_lines": [65, 67, 68, 69, 72, 75, 78, 80, 82, 86, 87, 90, 91, 92, 93, 94, 95, 96, 97, 99, 105, 110, 111, 112, 113, 123, 127, 136, 137, 138], "summary": {"covered_lines": 28, "num_statements": 34, "percent_covered": 82.3529411764706, "percent_covered_display": "82", "missing_lines": 6, "excluded_lines": 2}, "missing_lines": [83, 115, 116, 120, 121, 124], "excluded_lines": [65, 138]}, "": {"executed_lines": [1, 8, 9, 11, 12, 13, 14, 17, 22, 23, 26, 29, 30, 38, 53], "summary": {"covered_lines": 13, "num_statements": 13, "percent_covered": 100.0, "percent_covered_display": "100", "missing_lines": 0, "excluded_lines": 0}, "missing_lines": [], "excluded_lines": []}}, "classes": {"OrbitalsParser": {"executed_lines": [49, 50, 51, 65, 67, 68, 69, 72, 75, 78, 80, 82, 86, 87, 90, 91, 92, 93, 94, 95, 96, 97, 99, 105, 110, 111, 112, 113, 123, 127, 136, 137, 138], "summary": {"covered_lines": 31, "num_statements": 37, "percent_covered": 83.78378378378379, "percent_covered_display": "84", "missing_lines": 6, "excluded_lines": 2}, "missing_lines": [83, 115, 116, 120, 121, 124], "excluded_lines": [65, 138]}, "": {"executed_lines": [1, 8, 9, 11, 12, 13, 14, 17, 22, 23, 26, 29, 30, 38, 53], "summary": {"covered_lines": 13, "num_statements": 13, "percent_covered": 100.0, "percent_covered_display": "100", "missing_lines": 0, "excluded_lines": 0}, "missing_lines": [], "excluded_lines": []}}}, "src/calcflow/io/orca/blocks/scf.py": {"executed_lines": [1, 2, 4, 5, 6, 7, 9, 10, 13, 18, 22, 23, 24, 25, 26, 27, 28, 29, 32, 33, 34, 36, 37, 38, 39, 40, 41, 42, 43, 44, 45, 46, 48, 49, 51, 53, 54, 56, 57, 58, 59, 60, 62, 63, 64, 67, 68, 70, 72, 73, 76, 77, 78, 79, 80, 83, 84, 85, 86, 87, 88, 91, 92, 93, 94, 95, 96, 108, 109, 110, 111, 124, 126, 127, 129, 131, 132, 133, 134, 135, 136, 137, 138, 139, 140, 141, 142, 143, 145, 146, 147, 148, 150, 154, 161, 162, 166, 167, 168, 169, 171, 179, 186], "summary": {"covered_lines": 102, "num_statements": 105, "percent_covered": 97.14285714285714, "percent_covered_display": "97", "missing_lines": 3, "excluded_lines": 3}, "missing_lines": [55, 151, 163], "excluded_lines": [64, 155, 164], "functions": {"ScfParser.__init__": {"executed_lines": [34], "summary": {"covered_lines": 1, "num_statements": 1, "percent_covered": 100.0, "percent_covered_display": "100", "missing_lines": 0, "excluded_lines": 0}, "missing_lines": [], "excluded_lines": []}, "ScfParser._reset_state": {"executed_lines": [37, 38, 39, 40, 41, 42, 43, 44, 45, 46], "summary": {"covered_lines": 10, "num_statements": 10, "percent_covered": 100.0, "percent_covered_display": "100", "missing_lines": 0, "excluded_lines": 0}, "missing_lines": [], "excluded_lines": []}, "ScfParser.matches": {"executed_lines": [49], "summary": {"covered_lines": 1, "num_statements": 1, "percent_covered": 100.0, "percent_covered_display": "100", "missing_lines": 0, "excluded_lines": 0}, "missing_lines": [], "excluded_lines": []}, "ScfParser._is_iteration_line": {"executed_lines": [53, 54, 56, 57, 58, 59, 60], "summary": {"covered_lines": 7, "num_statements": 8, "percent_covered": 87.5, "percent_covered_display": "88", "missing_lines": 1, "excluded_lines": 0}, "missing_lines": [55], "excluded_lines": []}, "ScfParser.parse": {"executed_lines": [63, 64, 67, 68, 70, 72, 73, 76, 77, 78, 79, 80, 83, 84, 85, 86, 87, 88, 91, 92, 93, 94, 95, 96, 108, 109, 110, 111, 124, 126, 127, 129, 131, 132, 133, 134, 135, 136, 137, 138, 139, 140, 141, 142, 143, 145, 146, 147, 148, 150, 154, 161, 162, 166, 167, 168, 169, 171, 179, 186], "summary": {"covered_lines": 59, "num_statements": 61, "percent_covered": 96.72131147540983, "percent_covered_display": "97", "missing_lines": 2, "excluded_lines": 3}, "missing_lines": [151, 163], "excluded_lines": [64, 155, 164]}, "": {"executed_lines": [1, 2, 4, 5, 6, 7, 9, 10, 13, 18, 22, 23, 24, 25, 26, 27, 28, 29, 32, 33, 36, 48, 51, 62], "summary": {"covered_lines": 24, "num_statements": 24, "percent_covered": 100.0, "percent_covered_display": "100", "missing_lines": 0, "excluded_lines": 0}, "missing_lines": [], "excluded_lines": []}}, "classes": {"ScfParser": {"executed_lines": [34, 37, 38, 39, 40, 41, 42, 43, 44, 45, 46, 49, 53, 54, 56, 57, 58, 59, 60, 63, 64, 67, 68, 70, 72, 73, 76, 77, 78, 79, 80, 83, 84, 85, 86, 87, 88, 91, 92, 93, 94, 95, 96, 108, 109, 110, 111, 124, 126, 127, 129, 131, 132, 133, 134, 135, 136, 137, 138, 139, 140, 141, 142, 143, 145, 146, 147, 148, 150, 154, 161, 162, 166, 167, 168, 169, 171, 179, 186], "summary": {"covered_lines": 78, "num_statements": 81, "percent_covered": 96.29629629629629, "percent_covered_display": "96", "missing_lines": 3, "excluded_lines": 3}, "missing_lines": [55, 151, 163], "excluded_lines": [64, 155, 164]}, "": {"executed_lines": [1, 2, 4, 5, 6, 7, 9, 10, 13, 18, 22, 23, 24, 25, 26, 27, 28, 29, 32, 33, 36, 48, 51, 62], "summary": {"covered_lines": 24, "num_statements": 24, "percent_covered": 100.0, "percent_covered_display": "100", "missing_lines": 0, "excluded_lines": 0}, "missing_lines": [], "excluded_lines": []}}}, "src/calcflow/io/orca/blocks/timing.py": {"executed_lines": [1, 9, 10, 12, 13, 16, 21, 24, 25, 33, 34, 36, 38, 40, 42, 47, 48, 49, 50, 51, 52, 53, 56, 59, 60, 64, 66, 69, 70, 71, 72, 73], "summary": {"covered_lines": 30, "num_statements": 31, "percent_covered": 96.7741935483871, "percent_covered_display": "97", "missing_lines": 1, "excluded_lines": 0}, "missing_lines": [39], "excluded_lines": [], "functions": {"TimingParser.__init__": {"executed_lines": [34], "summary": {"covered_lines": 1, "num_statements": 1, "percent_covered": 100.0, "percent_covered_display": "100", "missing_lines": 0, "excluded_lines": 0}, "missing_lines": [], "excluded_lines": []}, "TimingParser.matches": {"executed_lines": [38, 40], "summary": {"covered_lines": 2, "num_statements": 3, "percent_covered": 66.66666666666667, "percent_covered_display": "67", "missing_lines": 1, "excluded_lines": 0}, "missing_lines": [39], "excluded_lines": []}, "TimingParser.parse": {"executed_lines": [47, 48, 49, 50, 51, 52, 53, 56, 59, 60, 64, 66, 69, 70, 71, 72, 73], "summary": {"covered_lines": 17, "num_statements": 17, "percent_covered": 100.0, "percent_covered_display": "100", "missing_lines": 0, "excluded_lines": 0}, "missing_lines": [], "excluded_lines": []}, "": {"executed_lines": [1, 9, 10, 12, 13, 16, 21, 24, 25, 33, 36, 42], "summary": {"covered_lines": 10, "num_statements": 10, "percent_covered": 100.0, "percent_covered_display": "100", "missing_lines": 0, "excluded_lines": 0}, "missing_lines": [], "excluded_lines": []}}, "classes": {"TimingParser": {"executed_lines": [34, 38, 40, 47, 48, 49, 50, 51, 52, 53, 56, 59, 60, 64, 66, 69, 70, 71, 72, 73], "summary": {"covered_lines": 20, "num_statements": 21, "percent_covered": 95.23809523809524, "percent_covered_display": "95", "missing_lines": 1, "excluded_lines": 0}, "missing_lines": [39], "excluded_lines": []}, "": {"executed_lines": [1, 9, 10, 12, 13, 16, 21, 24, 25, 33, 36, 42], "summary": {"covered_lines": 10, "num_statements": 10, "percent_covered": 100.0, "percent_covered_display": "100", "missing_lines": 0, "excluded_lines": 0}, "missing_lines": [], "excluded_lines": []}}}, "src/calcflow/io/orca/builder.py": {"executed_lines": [1, 3, 5, 6, 8, 12, 13, 14, 15, 19, 20, 22, 26, 28, 39, 41, 43, 44, 45, 46, 48, 49, 50, 52, 53, 56, 57, 58, 59, 62, 65, 66, 69, 70, 71, 72, 75, 76, 78, 80, 81, 82, 83, 84, 85, 86, 87, 88, 89, 90, 92, 93, 95, 96, 98, 99, 100, 101, 103, 104, 105, 106, 107, 108, 109, 110, 111, 112, 113, 115, 116, 117, 118, 119, 120, 121, 122, 123, 124], "summary": {"covered_lines": 77, "num_statements": 77, "percent_covered": 100.0, "percent_covered_display": "100", "missing_lines": 0, "excluded_lines": 2}, "missing_lines": [], "excluded_lines": [8, 9], "functions": {"OrcaBuilder.build": {"executed_lines": [26, 28, 39], "summary": {"covered_lines": 3, "num_statements": 3, "percent_covered": 100.0, "percent_covered_display": "100", "missing_lines": 0, "excluded_lines": 0}, "missing_lines": [], "excluded_lines": []}, "OrcaBuilder._validate_spec": {"executed_lines": [43, 44, 45, 46, 48, 49, 50], "summary": {"covered_lines": 7, "num_statements": 7, "percent_covered": 100.0, "percent_covered_display": "100", "missing_lines": 0, "excluded_lines": 0}, "missing_lines": [], "excluded_lines": []}, "OrcaBuilder._build_keywords": {"executed_lines": [53, 56, 57, 58, 59, 62, 65, 66, 69, 70, 71, 72, 75, 76, 78], "summary": {"covered_lines": 15, "num_statements": 15, "percent_covered": 100.0, "percent_covered_display": "100", "missing_lines": 0, "excluded_lines": 0}, "missing_lines": [], "excluded_lines": []}, "OrcaBuilder._handle_level_of_theory": {"executed_lines": [81, 82, 83, 84, 85, 86, 87, 88, 89, 90], "summary": {"covered_lines": 10, "num_statements": 10, "percent_covered": 100.0, "percent_covered_display": "100", "missing_lines": 0, "excluded_lines": 0}, "missing_lines": [], "excluded_lines": []}, "OrcaBuilder._build_procs": {"executed_lines": [93], "summary": {"covered_lines": 1, "num_statements": 1, "percent_covered": 100.0, "percent_covered_display": "100", "missing_lines": 0, "excluded_lines": 0}, "missing_lines": [], "excluded_lines": []}, "OrcaBuilder._build_mem": {"executed_lines": [96], "summary": {"covered_lines": 1, "num_statements": 1, "percent_covered": 100.0, "percent_covered_display": "100", "missing_lines": 0, "excluded_lines": 0}, "missing_lines": [], "excluded_lines": []}, "OrcaBuilder._build_solvent": {"executed_lines": [99, 100, 101], "summary": {"covered_lines": 3, "num_statements": 3, "percent_covered": 100.0, "percent_covered_display": "100", "missing_lines": 0, "excluded_lines": 0}, "missing_lines": [], "excluded_lines": []}, "OrcaBuilder._build_tddft": {"executed_lines": [104, 105, 106, 107, 108, 109, 110, 111, 112, 113], "summary": {"covered_lines": 10, "num_statements": 10, "percent_covered": 100.0, "percent_covered_display": "100", "missing_lines": 0, "excluded_lines": 0}, "missing_lines": [], "excluded_lines": []}, "OrcaBuilder._build_geom": {"executed_lines": [116, 117, 118, 119, 120, 121, 122, 123, 124], "summary": {"covered_lines": 9, "num_statements": 9, "percent_covered": 100.0, "percent_covered_display": "100", "missing_lines": 0, "excluded_lines": 0}, "missing_lines": [], "excluded_lines": []}, "": {"executed_lines": [1, 3, 5, 6, 8, 12, 13, 14, 15, 19, 20, 22, 41, 52, 80, 92, 95, 98, 103, 115], "summary": {"covered_lines": 18, "num_statements": 18, "percent_covered": 100.0, "percent_covered_display": "100", "missing_lines": 0, "excluded_lines": 2}, "missing_lines": [], "excluded_lines": [8, 9]}}, "classes": {"OrcaBuilder": {"executed_lines": [26, 28, 39, 43, 44, 45, 46, 48, 49, 50, 53, 56, 57, 58, 59, 62, 65, 66, 69, 70, 71, 72, 75, 76, 78, 81, 82, 83, 84, 85, 86, 87, 88, 89, 90, 93, 96, 99, 100, 101, 104, 105, 106, 107, 108, 109, 110, 111, 112, 113, 116, 117, 118, 119, 120, 121, 122, 123, 124], "summary": {"covered_lines": 59, "num_statements": 59, "percent_covered": 100.0, "percent_covered_display": "100", "missing_lines": 0, "excluded_lines": 0}, "missing_lines": [], "excluded_lines": []}, "": {"executed_lines": [1, 3, 5, 6, 8, 12, 13, 14, 15, 19, 20, 22, 41, 52, 80, 92, 95, 98, 103, 115], "summary": {"covered_lines": 18, "num_statements": 18, "percent_covered": 100.0, "percent_covered_display": "100", "missing_lines": 0, "excluded_lines": 2}, "missing_lines": [], "excluded_lines": [8, 9]}}}, "src/calcflow/io/orca/parser.py": {"executed_lines": [1, 5, 7, 8, 9, 10, 11, 12, 13, 14, 15, 16, 19, 32, 42], "summary": {"covered_lines": 14, "num_statements": 14, "percent_covered": 100.0, "percent_covered_display": "100", "missing_lines": 0, "excluded_lines": 0}, "missing_lines": [], "excluded_lines": [], "functions": {"parse_orca_output": {"executed_lines": [42], "summary": {"covered_lines": 1, "num_statements": 1, "percent_covered": 100.0, "percent_covered_display": "100", "missing_lines": 0, "excluded_lines": 0}, "missing_lines": [], "excluded_lines": []}, "": {"executed_lines": [1, 5, 7, 8, 9, 10, 11, 12, 13, 14, 15, 16, 19, 32], "summary": {"covered_lines": 13, "num_statements": 13, "percent_covered": 100.0, "percent_covered_display": "100", "missing_lines": 0, "excluded_lines": 0}, "missing_lines": [], "excluded_lines": []}}, "classes": {"": {"executed_lines": [1, 5, 7, 8, 9, 10, 11, 12, 13, 14, 15, 16, 19, 32, 42], "summary": {"covered_lines": 14, "num_statements": 14, "percent_covered": 100.0, "percent_covered_display": "100", "missing_lines": 0, "excluded_lines": 0}, "missing_lines": [], "excluded_lines": []}}}, "src/calcflow/io/qchem/blocks/charges.py": {"executed_lines": [1, 8, 9, 11, 12, 13, 16, 21, 24, 27, 28, 35, 42, 44, 53, 56, 57, 62, 65, 67, 68, 71, 75, 76, 77, 78, 79, 81, 82, 88, 93, 94, 96, 99], "summary": {"covered_lines": 30, "num_statements": 38, "percent_covered": 78.94736842105263, "percent_covered_display": "79", "missing_lines": 8, "excluded_lines": 3}, "missing_lines": [58, 60, 72, 83, 84, 85, 89, 90], "excluded_lines": [53, 59, 96], "functions": {"ChargesParser.matches": {"executed_lines": [42], "summary": {"covered_lines": 1, "num_statements": 1, "percent_covered": 100.0, "percent_covered_display": "100", "missing_lines": 0, "excluded_lines": 0}, "missing_lines": [], "excluded_lines": []}, "ChargesParser.parse": {"executed_lines": [53, 56, 57, 62, 65, 67, 68, 71, 75, 76, 77, 78, 79, 81, 82, 88, 93, 94, 96, 99], "summary": {"covered_lines": 18, "num_statements": 26, "percent_covered": 69.23076923076923, "percent_covered_display": "69", "missing_lines": 8, "excluded_lines": 3}, "missing_lines": [58, 60, 72, 83, 84, 85, 89, 90], "excluded_lines": [53, 59, 96]}, "": {"executed_lines": [1, 8, 9, 11, 12, 13, 16, 21, 24, 27, 28, 35, 44], "summary": {"covered_lines": 11, "num_statements": 11, "percent_covered": 100.0, "percent_covered_display": "100", "missing_lines": 0, "excluded_lines": 0}, "missing_lines": [], "excluded_lines": []}}, "classes": {"ChargesParser": {"executed_lines": [42, 53, 56, 57, 62, 65, 67, 68, 71, 75, 76, 77, 78, 79, 81, 82, 88, 93, 94, 96, 99], "summary": {"covered_lines": 19, "num_statements": 27, "percent_covered": 70.37037037037037, "percent_covered_display": "70", "missing_lines": 8, "excluded_lines": 3}, "missing_lines": [58, 60, 72, 83, 84, 85, 89, 90], "excluded_lines": [53, 59, 96]}, "": {"executed_lines": [1, 8, 9, 11, 12, 13, 16, 21, 24, 27, 28, 35, 44], "summary": {"covered_lines": 11, "num_statements": 11, "percent_covered": 100.0, "percent_covered_display": "100", "missing_lines": 0, "excluded_lines": 0}, "missing_lines": [], "excluded_lines": []}}}, "src/calcflow/io/qchem/blocks/finalization.py": {"executed_lines": [1, 5, 6, 8, 9, 11, 12, 15, 16, 21, 26, 27, 28, 30, 35, 36, 37, 38, 39, 40], "summary": {"covered_lines": 16, "num_statements": 16, "percent_covered": 100.0, "percent_covered_display": "100", "missing_lines": 0, "excluded_lines": 2}, "missing_lines": [], "excluded_lines": [37, 40], "functions": {"TerminationParser.matches": {"executed_lines": [26, 27, 28], "summary": {"covered_lines": 3, "num_statements": 3, "percent_covered": 100.0, "percent_covered_display": "100", "missing_lines": 0, "excluded_lines": 0}, "missing_lines": [], "excluded_lines": []}, "TerminationParser.parse": {"executed_lines": [35, 36, 37, 38, 39, 40], "summary": {"covered_lines": 4, "num_statements": 4, "percent_covered": 100.0, "percent_covered_display": "100", "missing_lines": 0, "excluded_lines": 2}, "missing_lines": [], "excluded_lines": [37, 40]}, "": {"executed_lines": [1, 5, 6, 8, 9, 11, 12, 15, 16, 21, 30], "summary": {"covered_lines": 9, "num_statements": 9, "percent_covered": 100.0, "percent_covered_display": "100", "missing_lines": 0, "excluded_lines": 0}, "missing_lines": [], "excluded_lines": []}}, "classes": {"TerminationParser": {"executed_lines": [26, 27, 28, 35, 36, 37, 38, 39, 40], "summary": {"covered_lines": 7, "num_statements": 7, "percent_covered": 100.0, "percent_covered_display": "100", "missing_lines": 0, "excluded_lines": 2}, "missing_lines": [], "excluded_lines": [37, 40]}, "": {"executed_lines": [1, 5, 6, 8, 9, 11, 12, 15, 16, 21, 30], "summary": {"covered_lines": 9, "num_statements": 9, "percent_covered": 100.0, "percent_covered_display": "100", "missing_lines": 0, "excluded_lines": 0}, "missing_lines": [], "excluded_lines": []}}}, "src/calcflow/io/qchem/blocks/geometry.py": {"executed_lines": [1, 6, 7, 9, 10, 11, 12, 15, 16, 17, 18, 21, 23, 25, 28, 29, 34, 36, 38, 41, 43, 45, 46, 47, 48, 50, 52, 53, 57, 58, 59, 60, 61, 63, 64, 65, 67, 68, 69, 70, 74, 77, 78, 79, 81, 83, 84, 87, 88, 90, 91, 92, 94, 95, 96, 97, 104, 107, 108], "summary": {"covered_lines": 52, "num_statements": 58, "percent_covered": 89.65517241379311, "percent_covered_display": "90", "missing_lines": 6, "excluded_lines": 7}, "missing_lines": [71, 75, 98, 100, 102, 105], "excluded_lines": [52, 59, 72, 79, 83, 101, 108], "functions": {"GeometryParser.matches": {"executed_lines": [36, 38, 41], "summary": {"covered_lines": 3, "num_statements": 3, "percent_covered": 100.0, "percent_covered_display": "100", "missing_lines": 0, "excluded_lines": 0}, "missing_lines": [], "excluded_lines": []}, "GeometryParser.parse": {"executed_lines": [45, 46, 47, 48], "summary": {"covered_lines": 4, "num_statements": 4, "percent_covered": 100.0, "percent_covered_display": "100", "missing_lines": 0, "excluded_lines": 0}, "missing_lines": [], "excluded_lines": []}, "GeometryParser._parse_input_geometry": {"executed_lines": [52, 53, 57, 58, 59, 60, 61, 63, 64, 65, 67, 68, 69, 70, 74, 77, 78, 79], "summary": {"covered_lines": 15, "num_statements": 17, "percent_covered": 88.23529411764706, "percent_covered_display": "88", "missing_lines": 2, "excluded_lines": 4}, "missing_lines": [71, 75], "excluded_lines": [52, 59, 72, 79]}, "GeometryParser._parse_standard_orientation": {"executed_lines": [83, 84, 87, 88, 90, 91, 92, 94, 95, 96, 97, 104, 107, 108], "summary": {"covered_lines": 12, "num_statements": 16, "percent_covered": 75.0, "percent_covered_display": "75", "missing_lines": 4, "excluded_lines": 3}, "missing_lines": [98, 100, 102, 105], "excluded_lines": [83, 101, 108]}, "": {"executed_lines": [1, 6, 7, 9, 10, 11, 12, 15, 16, 17, 18, 21, 23, 25, 28, 29, 34, 43, 50, 81], "summary": {"covered_lines": 18, "num_statements": 18, "percent_covered": 100.0, "percent_covered_display": "100", "missing_lines": 0, "excluded_lines": 0}, "missing_lines": [], "excluded_lines": []}}, "classes": {"GeometryParser": {"executed_lines": [36, 38, 41, 45, 46, 47, 48, 52, 53, 57, 58, 59, 60, 61, 63, 64, 65, 67, 68, 69, 70, 74, 77, 78, 79, 83, 84, 87, 88, 90, 91, 92, 94, 95, 96, 97, 104, 107, 108], "summary": {"covered_lines": 34, "num_statements": 40, "percent_covered": 85.0, "percent_covered_display": "85", "missing_lines": 6, "excluded_lines": 7}, "missing_lines": [71, 75, 98, 100, 102, 105], "excluded_lines": [52, 59, 72, 79, 83, 101, 108]}, "": {"executed_lines": [1, 6, 7, 9, 10, 11, 12, 15, 16, 17, 18, 21, 23, 25, 28, 29, 34, 43, 50, 81], "summary": {"covered_lines": 18, "num_statements": 18, "percent_covered": 100.0, "percent_covered_display": "100", "missing_lines": 0, "excluded_lines": 0}, "missing_lines": [], "excluded_lines": []}}}, "src/calcflow/io/qchem/blocks/metadata.py": {"executed_lines": [1, 2, 3, 5, 6, 7, 11, 14, 15, 20, 24, 25, 26, 28, 32, 33, 34, 35, 36, 41, 42, 43], "summary": {"covered_lines": 20, "num_statements": 20, "percent_covered": 100.0, "percent_covered_display": "100", "missing_lines": 0, "excluded_lines": 1}, "missing_lines": [], "excluded_lines": [43], "functions": {"MetadataParser.matches": {"executed_lines": [24, 25, 26], "summary": {"covered_lines": 3, "num_statements": 3, "percent_covered": 100.0, "percent_covered_display": "100", "missing_lines": 0, "excluded_lines": 0}, "missing_lines": [], "excluded_lines": []}, "MetadataParser.parse": {"executed_lines": [32, 33, 34, 35, 36, 41, 42, 43], "summary": {"covered_lines": 7, "num_statements": 7, "percent_covered": 100.0, "percent_covered_display": "100", "missing_lines": 0, "excluded_lines": 1}, "missing_lines": [], "excluded_lines": [43]}, "": {"executed_lines": [1, 2, 3, 5, 6, 7, 11, 14, 15, 20, 28], "summary": {"covered_lines": 10, "num_statements": 10, "percent_covered": 100.0, "percent_covered_display": "100", "missing_lines": 0, "excluded_lines": 0}, "missing_lines": [], "excluded_lines": []}}, "classes": {"MetadataParser": {"executed_lines": [24, 25, 26, 32, 33, 34, 35, 36, 41, 42, 43], "summary": {"covered_lines": 10, "num_statements": 10, "percent_covered": 100.0, "percent_covered_display": "100", "missing_lines": 0, "excluded_lines": 1}, "missing_lines": [], "excluded_lines": [43]}, "": {"executed_lines": [1, 2, 3, 5, 6, 7, 11, 14, 15, 20, 28], "summary": {"covered_lines": 10, "num_statements": 10, "percent_covered": 100.0, "percent_covered_display": "100", "missing_lines": 0, "excluded_lines": 0}, "missing_lines": [], "excluded_lines": []}}}, "src/calcflow/io/qchem/blocks/multipole.py": {"executed_lines": [1, 8, 9, 11, 18, 19, 22, 23, 24, 25, 26, 29, 52, 53, 61, 63, 65, 74, 77, 78, 83, 84, 85, 86, 87, 88, 93, 95, 96, 97, 99, 100, 104, 105, 106, 107, 108, 109, 110, 111, 112, 113, 114, 115, 116, 117, 118, 119, 120, 123, 124, 125, 126, 127, 131, 133, 134, 135, 136, 137, 138, 140, 141, 142, 143, 144, 148, 149, 151, 152, 153, 154, 155, 159, 160, 162, 163, 164, 165, 166, 172, 173, 175, 176, 183, 187, 189, 190, 192, 193, 194, 195, 197, 198, 199, 200, 201, 202, 203, 204, 209, 210, 212, 213, 214], "summary": {"covered_lines": 101, "num_statements": 117, "percent_covered": 86.32478632478633, "percent_covered_display": "86", "missing_lines": 16, "excluded_lines": 4}, "missing_lines": [79, 81, 101, 128, 129, 145, 146, 156, 157, 167, 168, 185, 205, 206, 207, 215], "excluded_lines": [74, 80, 183, 216], "functions": {"MultipoleParser.matches": {"executed_lines": [63], "summary": {"covered_lines": 1, "num_statements": 1, "percent_covered": 100.0, "percent_covered_display": "100", "missing_lines": 0, "excluded_lines": 0}, "missing_lines": [], "excluded_lines": []}, "MultipoleParser.parse": {"executed_lines": [74, 77, 78, 83, 84, 85, 86, 87, 88, 93, 95, 96, 97, 99, 100, 104, 105, 106, 107, 108, 109, 110, 111, 112, 113, 114, 115, 116, 117, 118, 119, 120, 123, 124, 125, 126, 127, 131, 133, 134, 135, 136, 137, 138, 140, 141, 142, 143, 144, 148, 149, 151, 152, 153, 154, 155, 159, 160, 162, 163, 164, 165, 166, 172, 173, 175, 176, 183, 187], "summary": {"covered_lines": 67, "num_statements": 79, "percent_covered": 84.81012658227849, "percent_covered_display": "85", "missing_lines": 12, "excluded_lines": 3}, "missing_lines": [79, 81, 101, 128, 129, 145, 146, 156, 157, 167, 168, 185], "excluded_lines": [74, 80, 183]}, "MultipoleParser._parse_dipole": {"executed_lines": [192, 193, 194, 195, 197, 198, 199, 200, 201, 202, 203, 204], "summary": {"covered_lines": 12, "num_statements": 15, "percent_covered": 80.0, "percent_covered_display": "80", "missing_lines": 3, "excluded_lines": 0}, "missing_lines": [205, 206, 207], "excluded_lines": []}, "MultipoleParser._accumulate_components": {"executed_lines": [212, 213, 214], "summary": {"covered_lines": 3, "num_statements": 4, "percent_covered": 75.0, "percent_covered_display": "75", "missing_lines": 1, "excluded_lines": 1}, "missing_lines": [215], "excluded_lines": [216]}, "": {"executed_lines": [1, 8, 9, 11, 18, 19, 22, 23, 24, 25, 26, 29, 52, 53, 61, 65, 189, 190, 209, 210], "summary": {"covered_lines": 18, "num_statements": 18, "percent_covered": 100.0, "percent_covered_display": "100", "missing_lines": 0, "excluded_lines": 0}, "missing_lines": [], "excluded_lines": []}}, "classes": {"MultipoleParser": {"executed_lines": [63, 74, 77, 78, 83, 84, 85, 86, 87, 88, 93, 95, 96, 97, 99, 100, 104, 105, 106, 107, 108, 109, 110, 111, 112, 113, 114, 115, 116, 117, 118, 119, 120, 123, 124, 125, 126, 127, 131, 133, 134, 135, 136, 137, 138, 140, 141, 142, 143, 144, 148, 149, 151, 152, 153, 154, 155, 159, 160, 162, 163, 164, 165, 166, 172, 173, 175, 176, 183, 187, 192, 193, 194, 195, 197, 198, 199, 200, 201, 202, 203, 204, 212, 213, 214], "summary": {"covered_lines": 83, "num_statements": 99, "percent_covered": 83.83838383838383, "percent_covered_display": "84", "missing_lines": 16, "excluded_lines": 4}, "missing_lines": [79, 81, 101, 128, 129, 145, 146, 156, 157, 167, 168, 185, 205, 206, 207, 215], "excluded_lines": [74, 80, 183, 216]}, "": {"executed_lines": [1, 8, 9, 11, 18, 19, 22, 23, 24, 25, 26, 29, 52, 53, 61, 65, 189, 190, 209, 210], "summary": {"covered_lines": 18, "num_statements": 18, "percent_covered": 100.0, "percent_covered_display": "100", "missing_lines": 0, "excluded_lines": 0}, "missing_lines": [], "excluded_lines": []}}}, "src/calcflow/io/qchem/blocks/orbitals.py": {"executed_lines": [1, 9, 10, 12, 13, 14, 15, 18, 19, 20, 21, 22, 23, 26, 29, 36, 37, 39, 41, 42, 43, 45, 47, 50, 51, 52, 53, 56, 57, 60, 61, 65, 67, 69, 70, 72, 79, 80, 81, 82, 83, 85, 86, 87, 88, 89, 91, 92, 93, 95, 96, 106, 108, 109, 110, 112, 113, 123, 126, 127, 128, 129, 141, 143, 147, 150, 151, 154, 155, 156, 157, 158, 160, 161, 162, 165, 174, 175, 181, 183, 184, 185, 190, 202, 203, 205, 206, 207, 208, 209, 210, 211, 212, 218, 220], "summary": {"covered_lines": 86, "num_statements": 95, "percent_covered": 90.52631578947368, "percent_covered_display": "91", "missing_lines": 9, "excluded_lines": 9}, "missing_lines": [62, 75, 76, 142, 144, 159, 186, 188, 214], "excluded_lines": [47, 69, 74, 82, 88, 93, 110, 175, 187], "functions": {"OrbitalsParser.matches": {"executed_lines": [41, 42, 43], "summary": {"covered_lines": 3, "num_statements": 3, "percent_covered": 100.0, "percent_covered_display": "100", "missing_lines": 0, "excluded_lines": 0}, "missing_lines": [], "excluded_lines": []}, "OrbitalsParser.parse": {"executed_lines": [47, 50, 51, 52, 53, 56, 57, 60, 61, 65, 67, 69, 70, 72, 79, 80, 81, 82, 83, 85, 86, 87, 88, 89, 91, 92, 93, 95, 96, 106, 108, 109, 110, 112, 113, 123, 126, 127, 128, 129, 141, 143, 147, 150, 151, 154, 155, 156, 157, 158, 160, 161, 162, 165, 174, 175], "summary": {"covered_lines": 49, "num_statements": 55, "percent_covered": 89.0909090909091, "percent_covered_display": "89", "missing_lines": 6, "excluded_lines": 8}, "missing_lines": [62, 75, 76, 142, 144, 159], "excluded_lines": [47, 69, 74, 82, 88, 93, 110, 175]}, "OrbitalsParser._extract_energies_from_line": {"executed_lines": [183, 184, 185], "summary": {"covered_lines": 3, "num_statements": 5, "percent_covered": 60.0, "percent_covered_display": "60", "missing_lines": 2, "excluded_lines": 1}, "missing_lines": [186, 188], "excluded_lines": [187]}, "OrbitalsParser._store_energies": {"executed_lines": [202, 203, 205, 206, 207, 208, 209, 210, 211, 212], "summary": {"covered_lines": 10, "num_statements": 11, "percent_covered": 90.9090909090909, "percent_covered_display": "91", "missing_lines": 1, "excluded_lines": 0}, "missing_lines": [214], "excluded_lines": []}, "OrbitalsParser._create_orbitals": {"executed_lines": [220], "summary": {"covered_lines": 1, "num_statements": 1, "percent_covered": 100.0, "percent_covered_display": "100", "missing_lines": 0, "excluded_lines": 0}, "missing_lines": [], "excluded_lines": []}, "": {"executed_lines": [1, 9, 10, 12, 13, 14, 15, 18, 19, 20, 21, 22, 23, 26, 29, 36, 37, 39, 45, 181, 190, 218], "summary": {"covered_lines": 20, "num_statements": 20, "percent_covered": 100.0, "percent_covered_display": "100", "missing_lines": 0, "excluded_lines": 0}, "missing_lines": [], "excluded_lines": []}}, "classes": {"OrbitalsParser": {"executed_lines": [41, 42, 43, 47, 50, 51, 52, 53, 56, 57, 60, 61, 65, 67, 69, 70, 72, 79, 80, 81, 82, 83, 85, 86, 87, 88, 89, 91, 92, 93, 95, 96, 106, 108, 109, 110, 112, 113, 123, 126, 127, 128, 129, 141, 143, 147, 150, 151, 154, 155, 156, 157, 158, 160, 161, 162, 165, 174, 175, 183, 184, 185, 202, 203, 205, 206, 207, 208, 209, 210, 211, 212, 220], "summary": {"covered_lines": 66, "num_statements": 75, "percent_covered": 88.0, "percent_covered_display": "88", "missing_lines": 9, "excluded_lines": 9}, "missing_lines": [62, 75, 76, 142, 144, 159, 186, 188, 214], "excluded_lines": [47, 69, 74, 82, 88, 93, 110, 175, 187]}, "": {"executed_lines": [1, 9, 10, 12, 13, 14, 15, 18, 19, 20, 21, 22, 23, 26, 29, 36, 
[...]
, 359, 360, 361, 362, 363, 364, 365, 366, 367, 368, 370], "summary": {"covered_lines": 32, "num_statements": 33, "percent_covered": 96.96969696969697, "percent_covered_display": "97", "missing_lines": 1, "excluded_lines": 0}, "missing_lines": [339], "excluded_lines": []}, "": {"executed_lines": [3, 14, 15, 16, 17, 18, 20, 27, 29, 32, 42, 43, 50, 51, 52, 54, 59, 105, 154, 158, 162, 202, 249, 268, 317], "summary": {"covered_lines": 23, "num_statements": 23, "percent_covered": 100.0, "percent_covered_display": "100", "missing_lines": 0, "excluded_lines": 0}, "missing_lines": [], "excluded_lines": []}}, "classes": {"UnrelaxedDensityMatrixParser": {"executed_lines": [55, 56, 57, 60, 61, 63, 65, 66, 67, 68, 70, 71, 72, 73, 74, 76, 77, 79, 80, 82, 83, 84, 94, 100, 101, 102, 103, 108, 109, 112, 114, 115, 116, 117, 119, 120, 121, 124, 125, 126, 127, 128, 129, 130, 131, 132, 133, 134, 135, 138, 139, 141, 147, 148, 149, 155, 156, 159, 160, 165, 166, 168, 169, 170, 171, 172, 173, 175, 176, 177, 178, 179, 180, 181, 182, 183, 185, 186, 187, 188, 189, 190, 191, 192, 193, 194, 195, 196, 198, 199, 200, 203, 204, 206, 207, 219, 220, 221, 222, 223, 224, 226, 227, 231, 232, 233, 234, 235, 236, 237, 238, 239, 241, 242, 243, 247, 250, 251, 252, 253, 254, 255, 256, 257, 258, 259, 260, 261, 262, 263, 266, 273, 274, 277, 278, 279, 280, 285, 286, 287, 291, 295, 296, 297, 298, 299, 301, 302, 305, 306, 307, 308, 309, 311, 312, 315, 324, 325, 326, 328, 330, 331, 334, 341, 342, 345, 346, 347, 348, 349, 350, 351, 352, 353, 354, 357, 358, 359, 360, 361, 362, 363, 364, 365, 366, 367, 368, 370], "summary": {"covered_lines": 185, "num_statements": 204, "percent_covered": 90.68627450980392, "percent_covered_display": "91", "missing_lines": 19, "excluded_lines": 6}, "missing_lines": [87, 88, 89, 90, 92, 95, 96, 98, 144, 145, 150, 152, 228, 229, 244, 264, 265, 282, 339], "excluded_lines": [60, 80, 97, 103, 151, 245]}, "": {"executed_lines": [3, 14, 15, 16, 17, 18, 20, 27, 29, 32, 34, 36, 37, 42, 43, 50, 51, 52, 54, 59, 105, 154, 158, 162, 202, 249, 268, 317], "summary": {"covered_lines": 26, "num_statements": 29, "percent_covered": 89.65517241379311, "percent_covered_display": "90", "missing_lines": 3, "excluded_lines": 0}, "missing_lines": [35, 38, 39], "excluded_lines": []}}}, "src/calcflow/io/qchem/blocks/timing.py": {"executed_lines": [1, 8, 9, 11, 12, 13, 16, 19, 20, 24, 26, 27, 28, 30, 34, 35, 36, 37, 39, 43, 44], "summary": {"covered_lines": 18, "num_statements": 18, "percent_covered": 100.0, "percent_covered_display": "100", "missing_lines": 0, "excluded_lines": 1}, "missing_lines": [], "excluded_lines": [44], "functions": {"TimingParser.matches": {"executed_lines": [26, 27, 28], "summary": {"covered_lines": 3, "num_statements": 3, "percent_covered": 100.0, "percent_covered_display": "100", "missing_lines": 0, "excluded_lines": 0}, "missing_lines": [], "excluded_lines": []}, "TimingParser.parse": {"executed_lines": [34, 35, 36, 37, 39, 43, 44], "summary": {"covered_lines": 6, "num_statements": 6, "percent_covered": 100.0, "percent_covered_display": "100", "missing_lines": 0, "excluded_lines": 1}, "missing_lines": [], "excluded_lines": [44]}, "": {"executed_lines": [1, 8, 9, 11, 12, 13, 16, 19, 20, 24, 30], "summary": {"covered_lines": 9, "num_statements": 9, "percent_covered": 100.0, "percent_covered_display": "100", "missing_lines": 0, "excluded_lines": 0}, "missing_lines": [], "excluded_lines": []}}, "classes": {"TimingParser": {"executed_lines": [26, 27, 28, 34, 35, 36, 37, 39, 43, 44], "summary": {"covered_lines": 9, "num_statements": 9, "percent_covered": 100.0, "percent_covered_display": "100", "missing_lines": 0, "excluded_lines": 1}, "missing_lines": [], "excluded_lines": [44]}, "": {"executed_lines": [1, 8, 9, 11, 12, 13, 16, 19, 20, 24, 30], "summary": {"covered_lines": 9, "num_statements": 9, "percent_covered": 100.0, "percent_covered_display": "100", "missing_lines": 0, "excluded_lines": 0}, "missing_lines": [], "excluded_lines": []}}}, "src/calcflow/io/qchem/builder.py": {"executed_lines": [1, 3, 4, 6, 7, 9, 13, 17, 18, 20, 25, 27, 28, 30, 32, 34, 41, 43, 48, 49, 53, 59, 60, 61, 63, 65, 72, 74, 76, 79, 80, 84, 92, 94, 96, 97, 100, 104, 105, 106, 107, 108, 110, 118, 119, 121, 122, 123, 125, 132, 133, 136, 137, 138, 139, 140, 143, 144, 145, 147, 149, 150, 151, 152, 155, 156, 157, 158, 159, 162, 165, 166, 167, 168, 169, 172, 173, 174, 175, 176, 179, 180, 183, 184, 185, 186, 187, 188, 190, 191, 192, 193, 194, 195, 196, 197, 198, 199, 201, 202, 203, 204, 205, 206, 207, 208, 210, 212, 213, 214, 215, 217, 219, 222, 227, 228, 231, 234, 237, 239, 240, 241, 242, 243, 245, 251, 252, 254, 256, 257, 258, 259, 263, 264, 265, 270, 275, 276, 280, 282, 283, 285, 286, 287, 289, 291, 295, 296, 297, 299, 300, 302, 303, 305, 306, 307, 311, 313, 314, 315, 316, 317, 318, 319, 320, 321, 323, 325, 342, 343, 345, 346, 347, 349, 352, 353, 359, 369, 374, 375, 378, 379, 384, 385, 389, 391, 392, 393, 394, 396, 397, 399, 401, 402, 403, 404, 405, 406, 407, 408, 410, 411, 412, 413, 416, 418, 419, 420, 421, 422, 423, 424, 426, 427, 430, 432, 433, 434, 435, 436, 437, 438], "summary": {"covered_lines": 220, "num_statements": 237, "percent_covered": 92.82700421940929, "percent_covered_display": "93", "missing_lines": 17, "excluded_lines": 2}, "missing_lines": [51, 101, 220, 224, 235, 236, 247, 277, 344, 348, 354, 355, 357, 370, 381, 387, 395], "excluded_lines": [9, 10], "functions": {"QchemBuilder.build": {"executed_lines": [25, 27, 28, 30], "summary": {"covered_lines": 4, "num_statements": 4, "percent_covered": 100.0, "percent_covered_display": "100", "missing_lines": 0, "excluded_lines": 0}, "missing_lines": [], "excluded_lines": []}, "QchemBuilder._build_single_job_input": {"executed_lines": [34, 41], "summary": {"covered_lines": 2, "num_statements": 2, "percent_covered": 100.0, "percent_covered_display": "100", "missing_lines": 0, "excluded_lines": 0}, "missing_lines": [], "excluded_lines": []}, "QchemBuilder._build_multi_job_input": {"executed_lines": [48, 49], "summary": {"covered_lines": 2, "num_statements": 3, "percent_covered": 66.66666666666667, "percent_covered_display": "67", "missing_lines": 1, "excluded_lines": 0}, "missing_lines": [51], "excluded_lines": []}, "QchemBuilder._build_mom_input": {"executed_lines": [59, 60, 61], "summary": {"covered_lines": 3, "num_statements": 3, "percent_covered": 100.0, "percent_covered_display": "100", "missing_lines": 0, "excluded_lines": 0}, "missing_lines": [], "excluded_lines": []}, "QchemBuilder._build_mom_job1": {"executed_lines": [65, 72], "summary": {"covered_lines": 2, "num_statements": 2, "percent_covered": 100.0, "percent_covered_display": "100", "missing_lines": 0, "excluded_lines": 0}, "missing_lines": [], "excluded_lines": []}, "QchemBuilder._build_mom_job2": {"executed_lines": [76, 79, 80, 84, 92], "summary": {"covered_lines": 5, "num_statements": 5, "percent_covered": 100.0, "percent_covered_display": "100", "missing_lines": 0, "excluded_lines": 0}, "missing_lines": [], "excluded_lines": []}, "QchemBuilder._validate_spec": {"executed_lines": [96, 97, 100, 104, 105, 106, 107, 108], "summary": {"covered_lines": 8, "num_statements": 9, "percent_covered": 88.88888888888889, "percent_covered_display": "89", "missing_lines": 1, "excluded_lines": 0}, "missing_lines": [101], "excluded_lines": []}, "QchemBuilder._build_molecule": {"executed_lines": [118, 119, 121, 122, 123], "summary": {"covered_lines": 5, "num_statements": 5, "percent_covered": 100.0, "percent_covered_display": "100", "missing_lines": 0, "excluded_lines": 0}, "missing_lines": [], "excluded_lines": []}, "QchemBuilder._build_rem": {"executed_lines": [132, 133, 136, 137, 138, 139, 140, 143, 144, 145, 147, 149, 150, 151, 152, 155, 156, 157, 158, 159, 162, 165, 166, 167, 168, 169, 172, 173, 174, 175, 176, 179, 180, 183, 184, 185, 186, 187, 188], "summary": {"covered_lines": 39, "num_statements": 39, "percent_covered": 100.0, "percent_covered_display": "100", "missing_lines": 0, "excluded_lines": 0}, "missing_lines": [], "excluded_lines": []}, "QchemBuilder._build_basis": {"executed_lines": [191, 192, 193, 194, 195, 196, 197, 198, 199], "summary": {"covered_lines": 9, "num_statements": 9, "percent_covered": 100.0, "percent_covered_display": "100", "missing_lines": 0, "excluded_lines": 0}, "missing_lines": [], "excluded_lines": []}, "QchemBuilder._build_solvation_blocks": {"executed_lines": [202, 203, 204, 205, 206, 207, 208], "summary": {"covered_lines": 7, "num_statements": 7, "percent_covered": 100.0, "percent_covered_display": "100", "missing_lines": 0, "excluded_lines": 0}, "missing_lines": [], "excluded_lines": []}, "QchemBuilder._build_solute": {"executed_lines": [212, 213, 214, 215], "summary": {"covered_lines": 4, "num_statements": 4, "percent_covered": 100.0, "percent_covered_display": "100", "missing_lines": 0, "excluded_lines": 0}, "missing_lines": [], "excluded_lines": []}, "QchemBuilder._build_occupied_block": {"executed_lines": [219, 222, 227, 228, 231, 234, 237, 239, 240, 241, 242, 243, 245, 251, 252], "summary": {"covered_lines": 15, "num_statements": 20, "percent_covered": 75.0, "percent_covered_display": "75", "missing_lines": 5, "excluded_lines": 0}, "missing_lines": [220, 224, 235, 236, 247], "excluded_lines": []}, "QchemBuilder._validate_mom_occupations": {"executed_lines": [256, 257, 258, 259, 263, 264, 265], "summary": {"covered_lines": 7, "num_statements": 7, "percent_covered": 100.0, "percent_covered_display": "100", "missing_lines": 0, "excluded_lines": 0}, "missing_lines": [], "excluded_lines": []}, "QchemBuilder._convert_extended_transitions_to_occupations": {"executed_lines": [275, 276, 280, 282, 283, 285, 286, 287, 289], "summary": {"covered_lines": 9, "num_statements": 10, "percent_covered": 90.0, "percent_covered_display": "90", "missing_lines": 1, "excluded_lines": 0}, "missing_lines": [277], "excluded_lines": []}, "QchemBuilder._apply_single_operation": {"executed_lines": [295, 296, 297, 299, 300, 302, 303, 305, 306, 307], "summary": {"covered_lines": 10, "num_statements": 10, "percent_covered": 100.0, "percent_covered_display": "100", "missing_lines": 0, "excluded_lines": 0}, "missing_lines": [], "excluded_lines": []}, "QchemBuilder._resolve_orbital_index": {"executed_lines": [313, 314, 315, 316, 317, 318, 319, 320, 321, 323], "summary": {"covered_lines": 10, "num_statements": 10, "percent_covered": 100.0, "percent_covered_display": "100", "missing_lines": 0, "excluded_lines": 0}, "missing_lines": [], "excluded_lines": []}, "QchemBuilder._apply_ionization": {"executed_lines": [342, 343, 345, 346, 347, 349, 352, 353], "summary": {"covered_lines": 8, "num_statements": 13, "percent_covered": 61.53846153846154, "percent_covered_display": "62", "missing_lines": 5, "excluded_lines": 0}, "missing_lines": [344, 348, 354, 355, 357], "excluded_lines": []}, "QchemBuilder._apply_excitation": {"executed_lines": [369, 374, 375, 378, 379, 384, 385], "summary": {"covered_lines": 7, "num_statements": 10, "percent_covered": 70.0, "percent_covered_display": "70", "missing_lines": 3, "excluded_lines": 0}, "missing_lines": [370, 381, 387], "excluded_lines": []}, "QchemBuilder._parse_spin_specification": {"executed_lines": [391, 392, 393, 394, 396, 397], "summary": {"covered_lines": 6, "num_statements": 7, "percent_covered": 85.71428571428571, "percent_covered_display": "86", "missing_lines": 1, "excluded_lines": 0}, "missing_lines": [395], "excluded_lines": []}, "QchemBuilder._format_occupation_set": {"executed_lines": [401, 402, 403, 404, 405, 406, 407, 408, 410, 411, 412, 413], "summary": {"covered_lines": 12, "num_statements": 12, "percent_covered": 100.0, "percent_covered_display": "100", "missing_lines": 0, "excluded_lines": 0}, "missing_lines": [], "excluded_lines": []}, "_count_electrons_in_qchem_occupation": {"executed_lines": [418, 419, 420, 421, 422, 423, 424, 426, 427], "summary": {"covered_lines": 9, "num_statements": 9, "percent_covered": 100.0, "percent_covered_display": "100", "missing_lines": 0, "excluded_lines": 0}, "missing_lines": [], "excluded_lines": []}, "_calculate_expected_electron_distribution": {"executed_lines": [432, 433, 434, 435, 436, 437, 438], "summary": {"covered_lines": 7, "num_statements": 7, "percent_covered": 100.0, "percent_covered_display": "100", "missing_lines": 0, "excluded_lines": 0}, "missing_lines": [], "excluded_lines": []}, "": {"executed_lines": [1, 3, 4, 6, 7, 9, 13, 17, 18, 20, 32, 43, 53, 63, 74, 94, 110, 125, 190, 201, 210, 217, 254, 270, 291, 311, 325, 359, 389, 399, 416, 430], "summary": {"covered_lines": 30, "num_statements": 30, "percent_covered": 100.0, "percent_covered_display": "100", "missing_lines": 0, "excluded_lines": 2}, "missing_lines": [], "excluded_lines": [9, 10]}}, "classes": {"QchemBuilder": {"executed_lines": [25, 27, 28, 30, 34, 41, 48, 49, 59, 60, 61, 65, 72, 76, 79, 80, 84, 92, 96, 97, 100, 104, 105, 106, 107, 108, 118, 119, 121, 122, 123, 132, 133, 136, 137, 138, 139, 140, 143, 144, 145, 147, 149, 150, 151, 152, 155, 156, 157, 158, 159, 162, 165, 166, 167, 168, 169, 172, 173, 174, 175, 176, 179, 180, 183, 184, 185, 186, 187, 188, 191, 192, 193, 194, 195, 196, 197, 198, 199, 202, 203, 204, 205, 206, 207, 208, 212, 213, 214, 215, 219, 222, 227, 228, 231, 234, 237, 239, 240, 241, 242, 243, 245, 251, 252, 256, 257, 258, 259, 263, 264, 265, 275, 276, 280, 282, 283, 285, 286, 287, 289, 295, 296, 297, 299, 300, 302, 303, 305, 306, 307, 313, 314, 315, 316, 317, 318, 319, 320, 321, 323, 342, 343, 345, 346, 347, 349, 352, 353, 369, 374, 375, 378, 379, 384, 385, 391, 392, 393, 394, 396, 397, 401, 402, 403, 404, 405, 406, 407, 408, 410, 411, 412, 413], "summary": {"covered_lines": 174, "num_statements": 191, "percent_covered": 91.09947643979058, "percent_covered_display": "91", "missing_lines": 17, "excluded_lines": 0}, "missing_lines": [51, 101, 220, 224, 235, 236, 247, 277, 344, 348, 354, 355, 357, 370, 381, 387, 395], "excluded_lines": []}, "": {"executed_lines": [1, 3, 4, 6, 7, 9, 13, 17, 18, 20, 32, 43, 53, 63, 74, 94, 110, 125, 190, 201, 210, 217, 254, 270, 291, 311, 325, 359, 389, 399, 416, 418, 419, 420, 421, 422, 423, 424, 426, 427, 430, 432, 433, 434, 435, 436, 437, 438], "summary": {"covered_lines": 46, "num_statements": 46, "percent_covered": 100.0, "percent_covered_display": "100", "missing_lines": 0, "excluded_lines": 2}, "missing_lines": [], "excluded_lines": [9, 10]}}}, "src/calcflow/io/qchem/parser.py": {"executed_lines": [1, 5, 6, 8, 9, 10, 11, 12, 13, 14, 15, 16, 17, 18, 19, 20, 21, 22, 23, 24, 27, 44, 54, 57, 77, 80, 82, 88, 89, 92, 98, 99, 101, 103, 106, 107, 108, 110, 111, 114, 115, 116, 120, 121, 122, 123, 124, 125, 129, 130], "summary": {"covered_lines": 46, "num_statements": 50, "percent_covered": 92.0, "percent_covered_display": "92", "missing_lines": 4, "excluded_lines": 6}, "missing_lines": [83, 100, 126, 127], "excluded_lines": [89, 93, 102, 117, 122, 129], "functions": {"parse_qchem_output": {"executed_lines": [54], "summary": {"covered_lines": 1, "num_statements": 1, "percent_covered": 100.0, "percent_covered_display": "100", "missing_lines": 0, "excluded_lines": 0}, "missing_lines": [], "excluded_lines": []}, "parse_qchem_multi_job_output": {"executed_lines": [77, 80, 82, 88, 89, 92, 98, 99, 101, 103, 106, 107, 108, 110, 111, 114, 115, 116, 120, 121, 122, 123, 124, 125, 129, 130], "summary": {"covered_lines": 23, "num_statements": 27, "percent_covered": 85.18518518518519, "percent_covered_display": "85", "missing_lines": 4, "excluded_lines": 6}, "missing_lines": [83, 100, 126, 127], "excluded_lines": [89, 93, 102, 117, 122, 129]}, "": {"executed_lines": [1, 5, 6, 8, 9, 10, 11, 12, 13, 14, 15, 16, 17, 18, 19, 20, 21, 22, 23, 24, 27, 44, 57], "summary": {"covered_lines": 22, "num_statements": 22, "percent_covered": 100.0, "percent_covered_display": "100", "missing_lines": 0, "excluded_lines": 0}, "missing_lines": [], "excluded_lines": []}}, "classes": {"": {"executed_lines": [1, 5, 6, 8, 9, 10, 11, 12, 13, 14, 15, 16, 17, 18, 19, 20, 21, 22, 23, 24, 27, 44, 54, 57, 77, 80, 82, 88, 89, 92, 98, 99, 101, 103, 106, 107, 108, 110, 111, 114, 115, 116, 120, 121, 122, 123, 124, 125, 129, 130], "summary": {"covered_lines": 46, "num_statements": 50, "percent_covered": 92.0, "percent_covered_display": "92", "missing_lines": 4, "excluded_lines": 6}, "missing_lines": [83, 100, 126, 127], "excluded_lines": [89, 93, 102, 117, 122, 129]}}}, "src/calcflow/io/state.py": {"executed_lines": [1, 7, 8, 10, 25, 26, 32, 34, 35, 38, 39, 40, 41, 42, 45, 46, 47, 48, 49, 50, 51, 52, 55, 56, 57, 58, 59, 60, 61, 62, 63, 64, 65, 66, 67, 68, 72, 73, 74, 76, 81], "summary": {"covered_lines": 39, "num_statements": 39, "percent_covered": 100.0, "percent_covered_display": "100", "missing_lines": 0, "excluded_lines": 0}, "missing_lines": [], "excluded_lines": [], "functions": {"ParseState.__init__": {"executed_lines": [34, 35, 38, 39, 40, 41, 42, 45, 46, 47, 48, 49, 50, 51, 52, 55, 56, 57, 58, 59, 60, 61, 62, 63, 64, 65, 66, 67, 68, 72, 73, 74], "summary": {"covered_lines": 32, "num_statements": 32, "percent_covered": 100.0, "percent_covered_display": "100", "missing_lines": 0, "excluded_lines": 0}, "missing_lines": [], "excluded_lines": []}, "ParseState.to_calculation_result": {"executed_lines": [81], "summary": {"covered_lines": 1, "num_statements": 1, "percent_covered": 100.0, "percent_covered_display": "100", "missing_lines": 0, "excluded_lines": 0}, "missing_lines": [], "excluded_lines": []}, "": {"executed_lines": [1, 7, 8, 10, 25, 26, 32, 76], "summary": {"covered_lines": 6, "num_statements": 6, "percent_covered": 100.0, "percent_covered_display": "100", "missing_lines": 0, "excluded_lines": 0}, "missing_lines": [], "excluded_lines": []}}, "classes": {"ParseState": {"executed_lines": [34, 35, 38, 39, 40, 41, 42, 45, 46, 47, 48, 49, 50, 51, 52, 55, 56, 57, 58, 59, 60, 61, 62, 63, 64, 65, 66, 67, 68, 72, 73, 74, 81], "summary": {"covered_lines": 33, "num_statements": 33, "percent_covered": 100.0, "percent_covered_display": "100", "missing_lines": 0, "excluded_lines": 0}, "missing_lines": [], "excluded_lines": []}, "": {"executed_lines": [1, 7, 8, 10, 25, 26, 32, 76], "summary": {"covered_lines": 6, "num_statements": 6, "percent_covered": 100.0, "percent_covered_display": "100", "missing_lines": 0, "excluded_lines": 0}, "missing_lines": [], "excluded_lines": []}}}, "src/calcflow/visualize/opt.py": {"executed_lines": [], "summary": {"covered_lines": 0, "num_statements": 0, "percent_covered": 100.0, "percent_covered_display": "100", "missing_lines": 0, "excluded_lines": 0}, "missing_lines": [], "excluded_lines": [], "functions": {"": {"executed_lines": [], "summary": {"covered_lines": 0, "num_statements": 0, "percent_covered": 100.0, "percent_covered_display": "100", "missing_lines": 0, "excluded_lines": 0}, "missing_lines": [], "excluded_lines": []}}, "classes": {"": {"executed_lines": [], "summary": {"covered_lines": 0, "num_statements": 0, "percent_covered": 100.0, "percent_covered_display": "100", "missing_lines": 0, "excluded_lines": 0}, "missing_lines": [], "excluded_lines": []}}}, "src/calcflow/visualize/scf.py": {"executed_lines": [], "summary": {"covered_lines": 0, "num_statements": 0, "percent_covered": 100.0, "percent_covered_display": "100", "missing_lines": 0, "excluded_lines": 0}, "missing_lines": [], "excluded_lines": [], "functions": {"": {"executed_lines": [], "summary": {"covered_lines": 0, "num_statements": 0, "percent_covered": 100.0, "percent_covered_display": "100", "missing_lines": 0, "excluded_lines": 0}, "missing_lines": [], "excluded_lines": []}}, "classes": {"": {"executed_lines": [], "summary": {"covered_lines": 0, "num_statements": 0, "percent_covered": 100.0, "percent_covered_display": "100", "missing_lines": 0, "excluded_lines": 0}, "missing_lines": [], "excluded_lines": []}}}}, "totals": {"covered_lines": 2605, "num_statements": 2809, "percent_covered": 92.7376290494838, "percent_covered_display": "93", "missing_lines": 204, "excluded_lines": 112}}